[0.461s] DEBUG:colcon:Command line arguments: ['/usr/bin/colcon', 'build']
[0.461s] DEBUG:colcon:Parsed command line arguments: Namespace(log_base=None, log_level=None, verb_name='build', build_base='build', install_base='install', merge_install=False, symlink_install=False, test_result_base=None, continue_on_error=False, executor='parallel', parallel_workers=6, event_handlers=None, ignore_user_meta=False, metas=['./colcon.meta'], base_paths=['.'], packages_ignore=None, packages_ignore_regex=None, paths=None, packages_up_to=None, packages_up_to_regex=None, packages_above=None, packages_above_and_dependencies=None, packages_above_depth=None, packages_select_by_dep=None, packages_skip_by_dep=None, packages_skip_up_to=None, packages_select_build_failed=False, packages_skip_build_finished=False, packages_select_test_failures=False, packages_skip_test_passed=False, packages_select=None, packages_skip=None, packages_select_regex=None, packages_skip_regex=None, packages_start=None, packages_end=None, allow_overriding=[], cmake_args=None, cmake_target=None, cmake_target_skip_unavailable=False, cmake_clean_cache=False, cmake_clean_first=False, cmake_force_configure=False, ament_cmake_args=None, catkin_cmake_args=None, catkin_skip_building_tests=False, verb_parser=<colcon_defaults.argument_parser.defaults.DefaultArgumentsDecorator object at 0x7f41ebed08e0>, verb_extension=<colcon_core.verb.build.BuildVerb object at 0x7f41ec681b10>, main=<bound method BuildVerb.main of <colcon_core.verb.build.BuildVerb object at 0x7f41ec681b10>>)
[0.498s] Level 1:colcon.colcon_core.package_discovery:discover_packages(colcon_meta) check parameters
[0.498s] Level 1:colcon.colcon_core.package_discovery:discover_packages(recursive) check parameters
[0.498s] Level 1:colcon.colcon_core.package_discovery:discover_packages(ignore) check parameters
[0.498s] Level 1:colcon.colcon_core.package_discovery:discover_packages(path) check parameters
[0.498s] Level 1:colcon.colcon_core.package_discovery:discover_packages(colcon_meta) discover
[0.498s] Level 1:colcon.colcon_core.package_discovery:discover_packages(recursive) discover
[0.498s] INFO:colcon.colcon_core.package_discovery:Crawling recursively for packages in '/home/ac/ros2_auto_robot'
[0.498s] Level 1:colcon.colcon_core.package_identification:_identify(.) by extensions ['ignore', 'ignore_ament_install']
[0.498s] Level 1:colcon.colcon_core.package_identification:_identify(.) by extension 'ignore'
[0.498s] Level 1:colcon.colcon_core.package_identification:_identify(.) by extension 'ignore_ament_install'
[0.498s] Level 1:colcon.colcon_core.package_identification:_identify(.) by extensions ['colcon_pkg']
[0.499s] Level 1:colcon.colcon_core.package_identification:_identify(.) by extension 'colcon_pkg'
[0.499s] Level 1:colcon.colcon_core.package_identification:_identify(.) by extensions ['colcon_meta']
[0.499s] Level 1:colcon.colcon_core.package_identification:_identify(.) by extension 'colcon_meta'
[0.499s] Level 1:colcon.colcon_core.package_identification:_identify(.) by extensions ['ros']
[0.499s] Level 1:colcon.colcon_core.package_identification:_identify(.) by extension 'ros'
[0.513s] Level 1:colcon.colcon_core.package_identification:_identify(.) by extensions ['cmake', 'python']
[0.513s] Level 1:colcon.colcon_core.package_identification:_identify(.) by extension 'cmake'
[0.513s] Level 1:colcon.colcon_core.package_identification:_identify(.) by extension 'python'
[0.513s] Level 1:colcon.colcon_core.package_identification:_identify(.) by extensions ['python_setup_py']
[0.513s] Level 1:colcon.colcon_core.package_identification:_identify(.) by extension 'python_setup_py'
[0.513s] Level 1:colcon.colcon_core.package_identification:_identify(build) by extensions ['ignore', 'ignore_ament_install']
[0.513s] Level 1:colcon.colcon_core.package_identification:_identify(build) by extension 'ignore'
[0.513s] Level 1:colcon.colcon_core.package_identification:_identify(build) ignored
[0.513s] Level 1:colcon.colcon_core.package_identification:_identify(install) by extensions ['ignore', 'ignore_ament_install']
[0.513s] Level 1:colcon.colcon_core.package_identification:_identify(install) by extension 'ignore'
[0.513s] Level 1:colcon.colcon_core.package_identification:_identify(install) ignored
[0.514s] Level 1:colcon.colcon_core.package_identification:_identify(log) by extensions ['ignore', 'ignore_ament_install']
[0.514s] Level 1:colcon.colcon_core.package_identification:_identify(log) by extension 'ignore'
[0.514s] Level 1:colcon.colcon_core.package_identification:_identify(log) ignored
[0.514s] Level 1:colcon.colcon_core.package_identification:_identify(src) by extensions ['ignore', 'ignore_ament_install']
[0.514s] Level 1:colcon.colcon_core.package_identification:_identify(src) by extension 'ignore'
[0.514s] Level 1:colcon.colcon_core.package_identification:_identify(src) by extension 'ignore_ament_install'
[0.514s] Level 1:colcon.colcon_core.package_identification:_identify(src) by extensions ['colcon_pkg']
[0.514s] Level 1:colcon.colcon_core.package_identification:_identify(src) by extension 'colcon_pkg'
[0.514s] Level 1:colcon.colcon_core.package_identification:_identify(src) by extensions ['colcon_meta']
[0.514s] Level 1:colcon.colcon_core.package_identification:_identify(src) by extension 'colcon_meta'
[0.514s] Level 1:colcon.colcon_core.package_identification:_identify(src) by extensions ['ros']
[0.514s] Level 1:colcon.colcon_core.package_identification:_identify(src) by extension 'ros'
[0.515s] Level 1:colcon.colcon_core.package_identification:_identify(src) by extensions ['cmake', 'python']
[0.515s] Level 1:colcon.colcon_core.package_identification:_identify(src) by extension 'cmake'
[0.515s] Level 1:colcon.colcon_core.package_identification:_identify(src) by extension 'python'
[0.515s] Level 1:colcon.colcon_core.package_identification:_identify(src) by extensions ['python_setup_py']
[0.515s] Level 1:colcon.colcon_core.package_identification:_identify(src) by extension 'python_setup_py'
[0.515s] Level 1:colcon.colcon_core.package_identification:_identify(src/my_robot_package) by extensions ['ignore', 'ignore_ament_install']
[0.515s] Level 1:colcon.colcon_core.package_identification:_identify(src/my_robot_package) by extension 'ignore'
[0.515s] Level 1:colcon.colcon_core.package_identification:_identify(src/my_robot_package) by extension 'ignore_ament_install'
[0.515s] Level 1:colcon.colcon_core.package_identification:_identify(src/my_robot_package) by extensions ['colcon_pkg']
[0.515s] Level 1:colcon.colcon_core.package_identification:_identify(src/my_robot_package) by extension 'colcon_pkg'
[0.515s] Level 1:colcon.colcon_core.package_identification:_identify(src/my_robot_package) by extensions ['colcon_meta']
[0.515s] Level 1:colcon.colcon_core.package_identification:_identify(src/my_robot_package) by extension 'colcon_meta'
[0.516s] Level 1:colcon.colcon_core.package_identification:_identify(src/my_robot_package) by extensions ['ros']
[0.516s] Level 1:colcon.colcon_core.package_identification:_identify(src/my_robot_package) by extension 'ros'
[0.519s] DEBUG:colcon.colcon_core.package_identification:Package 'src/my_robot_package' with type 'ros.ament_python' and name 'my_robot_package'
[0.520s] Level 1:colcon.colcon_core.package_identification:_identify(src/test_package) by extensions ['ignore', 'ignore_ament_install']
[0.520s] Level 1:colcon.colcon_core.package_identification:_identify(src/test_package) by extension 'ignore'
[0.520s] Level 1:colcon.colcon_core.package_identification:_identify(src/test_package) by extension 'ignore_ament_install'
[0.520s] Level 1:colcon.colcon_core.package_identification:_identify(src/test_package) by extensions ['colcon_pkg']
[0.520s] Level 1:colcon.colcon_core.package_identification:_identify(src/test_package) by extension 'colcon_pkg'
[0.520s] Level 1:colcon.colcon_core.package_identification:_identify(src/test_package) by extensions ['colcon_meta']
[0.520s] Level 1:colcon.colcon_core.package_identification:_identify(src/test_package) by extension 'colcon_meta'
[0.520s] Level 1:colcon.colcon_core.package_identification:_identify(src/test_package) by extensions ['ros']
[0.520s] Level 1:colcon.colcon_core.package_identification:_identify(src/test_package) by extension 'ros'
[0.521s] DEBUG:colcon.colcon_core.package_identification:Package 'src/test_package' with type 'ros.ament_python' and name 'test_package'
[0.521s] Level 1:colcon.colcon_core.package_discovery:discover_packages(recursive) using defaults
[0.521s] Level 1:colcon.colcon_core.package_discovery:discover_packages(ignore) discover
[0.521s] Level 1:colcon.colcon_core.package_discovery:discover_packages(ignore) using defaults
[0.521s] Level 1:colcon.colcon_core.package_discovery:discover_packages(path) discover
[0.522s] Level 1:colcon.colcon_core.package_discovery:discover_packages(path) using defaults
[0.556s] Level 1:colcon.colcon_core.package_discovery:discover_packages(prefix_path) check parameters
[0.556s] Level 1:colcon.colcon_core.package_discovery:discover_packages(prefix_path) discover
[0.562s] DEBUG:colcon.colcon_installed_package_information.package_discovery:Found 2 installed packages in /home/ac/turtlebot3_ws/install
[0.563s] DEBUG:colcon.colcon_installed_package_information.package_discovery:Found 2 installed packages in /home/ac/ros2_auto_robot/install
[0.566s] DEBUG:colcon.colcon_installed_package_information.package_discovery:Found 382 installed packages in /opt/ros/humble
[0.570s] Level 1:colcon.colcon_core.package_discovery:discover_packages(prefix_path) using defaults
[0.682s] Level 5:colcon.colcon_core.verb:set package 'my_robot_package' build argument 'cmake_args' from command line to 'None'
[0.682s] Level 5:colcon.colcon_core.verb:set package 'my_robot_package' build argument 'cmake_target' from command line to 'None'
[0.682s] Level 5:colcon.colcon_core.verb:set package 'my_robot_package' build argument 'cmake_target_skip_unavailable' from command line to 'False'
[0.682s] Level 5:colcon.colcon_core.verb:set package 'my_robot_package' build argument 'cmake_clean_cache' from command line to 'False'
[0.682s] Level 5:colcon.colcon_core.verb:set package 'my_robot_package' build argument 'cmake_clean_first' from command line to 'False'
[0.682s] Level 5:colcon.colcon_core.verb:set package 'my_robot_package' build argument 'cmake_force_configure' from command line to 'False'
[0.682s] Level 5:colcon.colcon_core.verb:set package 'my_robot_package' build argument 'ament_cmake_args' from command line to 'None'
[0.682s] Level 5:colcon.colcon_core.verb:set package 'my_robot_package' build argument 'catkin_cmake_args' from command line to 'None'
[0.682s] Level 5:colcon.colcon_core.verb:set package 'my_robot_package' build argument 'catkin_skip_building_tests' from command line to 'False'
[0.682s] DEBUG:colcon.colcon_core.verb:Building package 'my_robot_package' with the following arguments: {'ament_cmake_args': None, 'build_base': '/home/ac/ros2_auto_robot/build/my_robot_package', 'catkin_cmake_args': None, 'catkin_skip_building_tests': False, 'cmake_args': None, 'cmake_clean_cache': False, 'cmake_clean_first': False, 'cmake_force_configure': False, 'cmake_target': None, 'cmake_target_skip_unavailable': False, 'install_base': '/home/ac/ros2_auto_robot/install/my_robot_package', 'merge_install': False, 'path': '/home/ac/ros2_auto_robot/src/my_robot_package', 'symlink_install': False, 'test_result_base': None}
[0.684s] Level 5:colcon.colcon_core.verb:set package 'test_package' build argument 'cmake_args' from command line to 'None'
[0.684s] Level 5:colcon.colcon_core.verb:set package 'test_package' build argument 'cmake_target' from command line to 'None'
[0.684s] Level 5:colcon.colcon_core.verb:set package 'test_package' build argument 'cmake_target_skip_unavailable' from command line to 'False'
[0.684s] Level 5:colcon.colcon_core.verb:set package 'test_package' build argument 'cmake_clean_cache' from command line to 'False'
[0.684s] Level 5:colcon.colcon_core.verb:set package 'test_package' build argument 'cmake_clean_first' from command line to 'False'
[0.684s] Level 5:colcon.colcon_core.verb:set package 'test_package' build argument 'cmake_force_configure' from command line to 'False'
[0.684s] Level 5:colcon.colcon_core.verb:set package 'test_package' build argument 'ament_cmake_args' from command line to 'None'
[0.684s] Level 5:colcon.colcon_core.verb:set package 'test_package' build argument 'catkin_cmake_args' from command line to 'None'
[0.684s] Level 5:colcon.colcon_core.verb:set package 'test_package' build argument 'catkin_skip_building_tests' from command line to 'False'
[0.684s] DEBUG:colcon.colcon_core.verb:Building package 'test_package' with the following arguments: {'ament_cmake_args': None, 'build_base': '/home/ac/ros2_auto_robot/build/test_package', 'catkin_cmake_args': None, 'catkin_skip_building_tests': False, 'cmake_args': None, 'cmake_clean_cache': False, 'cmake_clean_first': False, 'cmake_force_configure': False, 'cmake_target': None, 'cmake_target_skip_unavailable': False, 'install_base': '/home/ac/ros2_auto_robot/install/test_package', 'merge_install': False, 'path': '/home/ac/ros2_auto_robot/src/test_package', 'symlink_install': False, 'test_result_base': None}
[0.685s] INFO:colcon.colcon_core.executor:Executing jobs using 'parallel' executor
[0.690s] DEBUG:colcon.colcon_parallel_executor.executor.parallel:run_until_complete
[0.690s] INFO:colcon.colcon_ros.task.ament_python.build:Building ROS package in '/home/ac/ros2_auto_robot/src/my_robot_package' with build type 'ament_python'
[0.690s] Level 1:colcon.colcon_core.shell:create_environment_hook('my_robot_package', 'ament_prefix_path')
[0.700s] INFO:colcon.colcon_core.plugin_system:Skipping extension 'colcon_core.shell.bat': Not used on non-Windows systems
[0.701s] INFO:colcon.colcon_core.shell:Creating environment hook '/home/ac/ros2_auto_robot/install/my_robot_package/share/my_robot_package/hook/ament_prefix_path.ps1'
[0.702s] INFO:colcon.colcon_core.shell:Creating environment descriptor '/home/ac/ros2_auto_robot/install/my_robot_package/share/my_robot_package/hook/ament_prefix_path.dsv'
[0.703s] INFO:colcon.colcon_core.shell:Creating environment hook '/home/ac/ros2_auto_robot/install/my_robot_package/share/my_robot_package/hook/ament_prefix_path.sh'
[0.706s] INFO:colcon.colcon_core.shell:Skip shell extension 'powershell' for command environment: Not usable outside of PowerShell
[0.706s] DEBUG:colcon.colcon_core.shell:Skip shell extension 'dsv' for command environment
[0.714s] INFO:colcon.colcon_ros.task.ament_python.build:Building ROS package in '/home/ac/ros2_auto_robot/src/test_package' with build type 'ament_python'
[0.715s] Level 1:colcon.colcon_core.shell:create_environment_hook('test_package', 'ament_prefix_path')
[0.717s] INFO:colcon.colcon_core.shell:Creating environment hook '/home/ac/ros2_auto_robot/install/test_package/share/test_package/hook/ament_prefix_path.ps1'
[0.718s] INFO:colcon.colcon_core.shell:Creating environment descriptor '/home/ac/ros2_auto_robot/install/test_package/share/test_package/hook/ament_prefix_path.dsv'
[0.719s] INFO:colcon.colcon_core.shell:Creating environment hook '/home/ac/ros2_auto_robot/install/test_package/share/test_package/hook/ament_prefix_path.sh'
[0.722s] INFO:colcon.colcon_core.shell:Skip shell extension 'powershell' for command environment: Not usable outside of PowerShell
[0.722s] DEBUG:colcon.colcon_core.shell:Skip shell extension 'dsv' for command environment
[1.092s] INFO:colcon.colcon_core.task.python.build:Building Python package in '/home/ac/ros2_auto_robot/src/my_robot_package'
[1.094s] INFO:colcon.colcon_core.shell:Skip shell extension 'powershell' for command environment: Not usable outside of PowerShell
[1.094s] DEBUG:colcon.colcon_core.shell:Skip shell extension 'dsv' for command environment
[1.438s] INFO:colcon.colcon_core.task.python.build:Building Python package in '/home/ac/ros2_auto_robot/src/test_package'
[1.453s] INFO:colcon.colcon_core.shell:Skip shell extension 'powershell' for command environment: Not usable outside of PowerShell
[1.453s] DEBUG:colcon.colcon_core.shell:Skip shell extension 'dsv' for command environment
[2.061s] DEBUG:colcon.colcon_core.event_handler.log_command:Invoking command in '/home/ac/ros2_auto_robot/build/my_robot_package': PYTHONPATH=/home/ac/ros2_auto_robot/build/my_robot_package/prefix_override:/home/ac/ros2_auto_robot/install/my_robot_package/lib/python3.10/site-packages:${PYTHONPATH} /usr/bin/python3 setup.py develop --uninstall --editable --build-directory /home/ac/ros2_auto_robot/build/my_robot_package/build
[2.065s] DEBUG:colcon.colcon_core.event_handler.log_command:Invoking command in '/home/ac/ros2_auto_robot/src/test_package': PYTHONPATH=/home/ac/ros2_auto_robot/build/test_package/prefix_override:/home/ac/ros2_auto_robot/install/test_package/lib/python3.10/site-packages:${PYTHONPATH} /usr/bin/python3 setup.py egg_info --egg-base ../../build/test_package build --build-base /home/ac/ros2_auto_robot/build/test_package/build install --record /home/ac/ros2_auto_robot/build/test_package/install.log --single-version-externally-managed
[2.464s] DEBUG:colcon.colcon_core.event_handler.log_command:Invoked command in '/home/ac/ros2_auto_robot/src/test_package' returned '0': PYTHONPATH=/home/ac/ros2_auto_robot/build/test_package/prefix_override:/home/ac/ros2_auto_robot/install/test_package/lib/python3.10/site-packages:${PYTHONPATH} /usr/bin/python3 setup.py egg_info --egg-base ../../build/test_package build --build-base /home/ac/ros2_auto_robot/build/test_package/build install --record /home/ac/ros2_auto_robot/build/test_package/install.log --single-version-externally-managed
[2.474s] Level 1:colcon.colcon_core.environment:checking '/home/ac/ros2_auto_robot/install/test_package' for CMake module files
[2.474s] Level 1:colcon.colcon_core.environment:checking '/home/ac/ros2_auto_robot/install/test_package' for CMake config files
[2.475s] Level 1:colcon.colcon_core.environment:checking '/home/ac/ros2_auto_robot/install/test_package/lib'
[2.475s] Level 1:colcon.colcon_core.environment:checking '/home/ac/ros2_auto_robot/install/test_package/bin'
[2.475s] Level 1:colcon.colcon_core.environment:checking '/home/ac/ros2_auto_robot/install/test_package/lib/pkgconfig/test_package.pc'
[2.475s] Level 1:colcon.colcon_core.environment:checking '/home/ac/ros2_auto_robot/install/test_package/lib/python3.10/site-packages'
[2.475s] Level 1:colcon.colcon_core.shell:create_environment_hook('test_package', 'pythonpath')
[2.477s] INFO:colcon.colcon_core.shell:Creating environment hook '/home/ac/ros2_auto_robot/install/test_package/share/test_package/hook/pythonpath.ps1'
[2.478s] INFO:colcon.colcon_core.shell:Creating environment descriptor '/home/ac/ros2_auto_robot/install/test_package/share/test_package/hook/pythonpath.dsv'
[2.478s] INFO:colcon.colcon_core.shell:Creating environment hook '/home/ac/ros2_auto_robot/install/test_package/share/test_package/hook/pythonpath.sh'
[2.479s] Level 1:colcon.colcon_core.environment:checking '/home/ac/ros2_auto_robot/install/test_package/bin'
[2.479s] Level 1:colcon.colcon_core.environment:create_environment_scripts_only(test_package)
[2.481s] INFO:colcon.colcon_core.shell:Creating package script '/home/ac/ros2_auto_robot/install/test_package/share/test_package/package.ps1'
[2.482s] INFO:colcon.colcon_core.shell:Creating package descriptor '/home/ac/ros2_auto_robot/install/test_package/share/test_package/package.dsv'
[2.483s] INFO:colcon.colcon_core.shell:Creating package script '/home/ac/ros2_auto_robot/install/test_package/share/test_package/package.sh'
[2.485s] INFO:colcon.colcon_core.shell:Creating package script '/home/ac/ros2_auto_robot/install/test_package/share/test_package/package.bash'
[2.486s] INFO:colcon.colcon_core.shell:Creating package script '/home/ac/ros2_auto_robot/install/test_package/share/test_package/package.zsh'
[2.487s] Level 1:colcon.colcon_core.environment:create_file_with_runtime_dependencies(/home/ac/ros2_auto_robot/install/test_package/share/colcon-core/packages/test_package)
[2.676s] DEBUG:colcon.colcon_core.event_handler.log_command:Invoked command in '/home/ac/ros2_auto_robot/build/my_robot_package' returned '0': PYTHONPATH=/home/ac/ros2_auto_robot/build/my_robot_package/prefix_override:/home/ac/ros2_auto_robot/install/my_robot_package/lib/python3.10/site-packages:${PYTHONPATH} /usr/bin/python3 setup.py develop --uninstall --editable --build-directory /home/ac/ros2_auto_robot/build/my_robot_package/build
[2.678s] DEBUG:colcon.colcon_core.event_handler.log_command:Invoking command in '/home/ac/ros2_auto_robot/src/my_robot_package': PYTHONPATH=/home/ac/ros2_auto_robot/build/my_robot_package/prefix_override:/home/ac/ros2_auto_robot/install/my_robot_package/lib/python3.10/site-packages:${PYTHONPATH} /usr/bin/python3 setup.py egg_info --egg-base ../../build/my_robot_package build --build-base /home/ac/ros2_auto_robot/build/my_robot_package/build install --record /home/ac/ros2_auto_robot/build/my_robot_package/install.log --single-version-externally-managed
[3.056s] Level 1:colcon.colcon_core.environment:checking '/home/ac/ros2_auto_robot/install/my_robot_package' for CMake module files
[3.057s] DEBUG:colcon.colcon_core.event_handler.log_command:Invoked command in '/home/ac/ros2_auto_robot/src/my_robot_package' returned '0': PYTHONPATH=/home/ac/ros2_auto_robot/build/my_robot_package/prefix_override:/home/ac/ros2_auto_robot/install/my_robot_package/lib/python3.10/site-packages:${PYTHONPATH} /usr/bin/python3 setup.py egg_info --egg-base ../../build/my_robot_package build --build-base /home/ac/ros2_auto_robot/build/my_robot_package/build install --record /home/ac/ros2_auto_robot/build/my_robot_package/install.log --single-version-externally-managed
[3.057s] Level 1:colcon.colcon_core.environment:checking '/home/ac/ros2_auto_robot/install/my_robot_package' for CMake config files
[3.058s] Level 1:colcon.colcon_core.environment:checking '/home/ac/ros2_auto_robot/install/my_robot_package/lib'
[3.058s] Level 1:colcon.colcon_core.environment:checking '/home/ac/ros2_auto_robot/install/my_robot_package/bin'
[3.058s] Level 1:colcon.colcon_core.environment:checking '/home/ac/ros2_auto_robot/install/my_robot_package/lib/pkgconfig/my_robot_package.pc'
[3.058s] Level 1:colcon.colcon_core.environment:checking '/home/ac/ros2_auto_robot/install/my_robot_package/lib/python3.10/site-packages'
[3.058s] Level 1:colcon.colcon_core.shell:create_environment_hook('my_robot_package', 'pythonpath')
[3.060s] INFO:colcon.colcon_core.shell:Creating environment hook '/home/ac/ros2_auto_robot/install/my_robot_package/share/my_robot_package/hook/pythonpath.ps1'
[3.061s] INFO:colcon.colcon_core.shell:Creating environment descriptor '/home/ac/ros2_auto_robot/install/my_robot_package/share/my_robot_package/hook/pythonpath.dsv'
[3.061s] INFO:colcon.colcon_core.shell:Creating environment hook '/home/ac/ros2_auto_robot/install/my_robot_package/share/my_robot_package/hook/pythonpath.sh'
[3.062s] Level 1:colcon.colcon_core.environment:checking '/home/ac/ros2_auto_robot/install/my_robot_package/bin'
[3.062s] Level 1:colcon.colcon_core.environment:create_environment_scripts_only(my_robot_package)
[3.064s] INFO:colcon.colcon_core.shell:Creating package script '/home/ac/ros2_auto_robot/install/my_robot_package/share/my_robot_package/package.ps1'
[3.064s] INFO:colcon.colcon_core.shell:Creating package descriptor '/home/ac/ros2_auto_robot/install/my_robot_package/share/my_robot_package/package.dsv'
[3.065s] INFO:colcon.colcon_core.shell:Creating package script '/home/ac/ros2_auto_robot/install/my_robot_package/share/my_robot_package/package.sh'
[3.065s] INFO:colcon.colcon_core.shell:Creating package script '/home/ac/ros2_auto_robot/install/my_robot_package/share/my_robot_package/package.bash'
[3.066s] INFO:colcon.colcon_core.shell:Creating package script '/home/ac/ros2_auto_robot/install/my_robot_package/share/my_robot_package/package.zsh'
[3.066s] Level 1:colcon.colcon_core.environment:create_file_with_runtime_dependencies(/home/ac/ros2_auto_robot/install/my_robot_package/share/colcon-core/packages/my_robot_package)
[3.066s] DEBUG:colcon.colcon_parallel_executor.executor.parallel:closing loop
[3.067s] DEBUG:colcon.colcon_parallel_executor.executor.parallel:loop closed
[3.067s] DEBUG:colcon.colcon_parallel_executor.executor.parallel:run_until_complete finished with '0'
[3.067s] DEBUG:colcon.colcon_core.event_reactor:joining thread
[3.077s] INFO:colcon.colcon_core.plugin_system:Skipping extension 'colcon_notification.desktop_notification.terminal_notifier': Not used on non-Darwin systems
[3.077s] INFO:colcon.colcon_core.plugin_system:Skipping extension 'colcon_notification.desktop_notification.win32': Not used on non-Windows systems
[3.077s] INFO:colcon.colcon_notification.desktop_notification:Sending desktop notification using 'notify2'
[3.095s] DEBUG:colcon.colcon_core.event_reactor:joined thread
[3.097s] INFO:colcon.colcon_core.shell:Creating prefix script '/home/ac/ros2_auto_robot/install/local_setup.ps1'
[3.099s] INFO:colcon.colcon_core.shell:Creating prefix util module '/home/ac/ros2_auto_robot/install/_local_setup_util_ps1.py'
[3.107s] INFO:colcon.colcon_core.shell:Creating prefix chain script '/home/ac/ros2_auto_robot/install/setup.ps1'
[3.109s] INFO:colcon.colcon_core.shell:Creating prefix script '/home/ac/ros2_auto_robot/install/local_setup.sh'
[3.112s] INFO:colcon.colcon_core.shell:Creating prefix util module '/home/ac/ros2_auto_robot/install/_local_setup_util_sh.py'
[3.113s] INFO:colcon.colcon_core.shell:Creating prefix chain script '/home/ac/ros2_auto_robot/install/setup.sh'
[3.116s] INFO:colcon.colcon_core.shell:Creating prefix script '/home/ac/ros2_auto_robot/install/local_setup.bash'
[3.117s] INFO:colcon.colcon_core.shell:Creating prefix chain script '/home/ac/ros2_auto_robot/install/setup.bash'
[3.120s] INFO:colcon.colcon_core.shell:Creating prefix script '/home/ac/ros2_auto_robot/install/local_setup.zsh'
[3.125s] INFO:colcon.colcon_core.shell:Creating prefix chain script '/home/ac/ros2_auto_robot/install/setup.zsh'
