running develop
running egg_info
writing ../../build/my_robot_package/my_robot_package.egg-info/PKG-INFO
writing dependency_links to ../../build/my_robot_package/my_robot_package.egg-info/dependency_links.txt
writing entry points to ../../build/my_robot_package/my_robot_package.egg-info/entry_points.txt
writing requirements to ../../build/my_robot_package/my_robot_package.egg-info/requires.txt
writing top-level names to ../../build/my_robot_package/my_robot_package.egg-info/top_level.txt
reading manifest file '../../build/my_robot_package/my_robot_package.egg-info/SOURCES.txt'
writing manifest file '../../build/my_robot_package/my_robot_package.egg-info/SOURCES.txt'
running build
running build_py
creating /home/ac/ros2_auto_robot/build/my_robot_package/build
creating /home/ac/ros2_auto_robot/build/my_robot_package/build/lib
creating /home/ac/ros2_auto_robot/build/my_robot_package/build/lib/my_robot_package
copying my_robot_package/__init__.py -> /home/ac/ros2_auto_robot/build/my_robot_package/build/lib/my_robot_package
copying my_robot_package/hello_world.py -> /home/ac/ros2_auto_robot/build/my_robot_package/build/lib/my_robot_package
running install
running install_lib
creating /home/ac/ros2_auto_robot/install/my_robot_package/lib/python3.10/site-packages/my_robot_package
copying /home/ac/ros2_auto_robot/build/my_robot_package/build/lib/my_robot_package/__init__.py -> /home/ac/ros2_auto_robot/install/my_robot_package/lib/python3.10/site-packages/my_robot_package
copying /home/ac/ros2_auto_robot/build/my_robot_package/build/lib/my_robot_package/hello_world.py -> /home/ac/ros2_auto_robot/install/my_robot_package/lib/python3.10/site-packages/my_robot_package
byte-compiling /home/ac/ros2_auto_robot/install/my_robot_package/lib/python3.10/site-packages/my_robot_package/__init__.py to __init__.cpython-310.pyc
byte-compiling /home/ac/ros2_auto_robot/install/my_robot_package/lib/python3.10/site-packages/my_robot_package/hello_world.py to hello_world.cpython-310.pyc
running install_data
running install_egg_info
Copying ../../build/my_robot_package/my_robot_package.egg-info to /home/ac/ros2_auto_robot/install/my_robot_package/lib/python3.10/site-packages/my_robot_package-0.0.0-py3.10.egg-info
running install_scripts
writing list of installed files to '/home/ac/ros2_auto_robot/build/my_robot_package/install.log'
