[0.843s] Invoking command in '/home/ac/ros2_auto_robot/build/my_robot_package': PYTHONPATH=/home/ac/ros2_auto_robot/build/my_robot_package/prefix_override:/home/ac/ros2_auto_robot/install/my_robot_package/lib/python3.10/site-packages:${PYTHONPATH} /usr/bin/python3 setup.py develop --uninstall --editable --build-directory /home/ac/ros2_auto_robot/build/my_robot_package/build
[1.235s] running develop
[1.236s] /usr/lib/python3/dist-packages/setuptools/command/easy_install.py:158: EasyInstallDeprecationWarning: easy_install command is deprecated. Use build and pip and other standards-based tools.
[1.236s]   warnings.warn(
[1.238s] /usr/lib/python3/dist-packages/setuptools/command/install.py:34: SetuptoolsDeprecationWarning: setup.py install is deprecated. Use build and pip and other standards-based tools.
[1.238s]   warnings.warn(
[1.319s] /usr/lib/python3/dist-packages/pkg_resources/__init__.py:116: PkgResourcesDeprecationWarning: 0.1.43ubuntu1 is an invalid version and will not be supported in a future release
[1.319s]   warnings.warn(
[1.319s] /usr/lib/python3/dist-packages/pkg_resources/__init__.py:116: PkgResourcesDeprecationWarning: 1.1build1 is an invalid version and will not be supported in a future release
[1.320s]   warnings.warn(
[1.493s] Invoked command in '/home/ac/ros2_auto_robot/build/my_robot_package' returned '0': PYTHONPATH=/home/ac/ros2_auto_robot/build/my_robot_package/prefix_override:/home/ac/ros2_auto_robot/install/my_robot_package/lib/python3.10/site-packages:${PYTHONPATH} /usr/bin/python3 setup.py develop --uninstall --editable --build-directory /home/ac/ros2_auto_robot/build/my_robot_package/build
[1.493s] Invoking command in '/home/ac/ros2_auto_robot/src/my_robot_package': PYTHONPATH=/home/ac/ros2_auto_robot/build/my_robot_package/prefix_override:/home/ac/ros2_auto_robot/install/my_robot_package/lib/python3.10/site-packages:${PYTHONPATH} /usr/bin/python3 setup.py egg_info --egg-base ../../build/my_robot_package build --build-base /home/ac/ros2_auto_robot/build/my_robot_package/build install --record /home/ac/ros2_auto_robot/build/my_robot_package/install.log --single-version-externally-managed
[1.825s] running egg_info
[1.826s] writing ../../build/my_robot_package/my_robot_package.egg-info/PKG-INFO
[1.826s] writing dependency_links to ../../build/my_robot_package/my_robot_package.egg-info/dependency_links.txt
[1.827s] writing entry points to ../../build/my_robot_package/my_robot_package.egg-info/entry_points.txt
[1.827s] writing requirements to ../../build/my_robot_package/my_robot_package.egg-info/requires.txt
[1.827s] writing top-level names to ../../build/my_robot_package/my_robot_package.egg-info/top_level.txt
[1.829s] reading manifest file '../../build/my_robot_package/my_robot_package.egg-info/SOURCES.txt'
[1.831s] writing manifest file '../../build/my_robot_package/my_robot_package.egg-info/SOURCES.txt'
[1.831s] running build
[1.831s] running build_py
[1.831s] creating /home/ac/ros2_auto_robot/build/my_robot_package/build
[1.831s] creating /home/ac/ros2_auto_robot/build/my_robot_package/build/lib
[1.831s] creating /home/ac/ros2_auto_robot/build/my_robot_package/build/lib/my_robot_package
[1.831s] copying my_robot_package/__init__.py -> /home/ac/ros2_auto_robot/build/my_robot_package/build/lib/my_robot_package
[1.832s] copying my_robot_package/hello_world.py -> /home/ac/ros2_auto_robot/build/my_robot_package/build/lib/my_robot_package
[1.832s] running install
[1.832s] /usr/lib/python3/dist-packages/setuptools/command/install.py:34: SetuptoolsDeprecationWarning: setup.py install is deprecated. Use build and pip and other standards-based tools.
[1.832s]   warnings.warn(
[1.832s] running install_lib
[1.833s] creating /home/ac/ros2_auto_robot/install/my_robot_package/lib/python3.10/site-packages/my_robot_package
[1.833s] copying /home/ac/ros2_auto_robot/build/my_robot_package/build/lib/my_robot_package/__init__.py -> /home/ac/ros2_auto_robot/install/my_robot_package/lib/python3.10/site-packages/my_robot_package
[1.833s] copying /home/ac/ros2_auto_robot/build/my_robot_package/build/lib/my_robot_package/hello_world.py -> /home/ac/ros2_auto_robot/install/my_robot_package/lib/python3.10/site-packages/my_robot_package
[1.833s] byte-compiling /home/ac/ros2_auto_robot/install/my_robot_package/lib/python3.10/site-packages/my_robot_package/__init__.py to __init__.cpython-310.pyc
[1.834s] byte-compiling /home/ac/ros2_auto_robot/install/my_robot_package/lib/python3.10/site-packages/my_robot_package/hello_world.py to hello_world.cpython-310.pyc
[1.834s] running install_data
[1.835s] running install_egg_info
[1.836s] Copying ../../build/my_robot_package/my_robot_package.egg-info to /home/ac/ros2_auto_robot/install/my_robot_package/lib/python3.10/site-packages/my_robot_package-0.0.0-py3.10.egg-info
[1.837s] running install_scripts
[1.864s] writing list of installed files to '/home/ac/ros2_auto_robot/build/my_robot_package/install.log'
[1.890s] Invoked command in '/home/ac/ros2_auto_robot/src/my_robot_package' returned '0': PYTHONPATH=/home/ac/ros2_auto_robot/build/my_robot_package/prefix_override:/home/ac/ros2_auto_robot/install/my_robot_package/lib/python3.10/site-packages:${PYTHONPATH} /usr/bin/python3 setup.py egg_info --egg-base ../../build/my_robot_package build --build-base /home/ac/ros2_auto_robot/build/my_robot_package/build install --record /home/ac/ros2_auto_robot/build/my_robot_package/install.log --single-version-externally-managed
