[1.007s] DEBUG:colcon:Command line arguments: ['/usr/bin/colcon', 'build', '--packages-select', 'my_robot_package']
[1.007s] DEBUG:colcon:Parsed command line arguments: Namespace(log_base=None, log_level=None, verb_name='build', build_base='build', install_base='install', merge_install=False, symlink_install=False, test_result_base=None, continue_on_error=False, executor='parallel', parallel_workers=6, event_handlers=None, ignore_user_meta=False, metas=['./colcon.meta'], base_paths=['.'], packages_ignore=None, packages_ignore_regex=None, paths=None, packages_up_to=None, packages_up_to_regex=None, packages_above=None, packages_above_and_dependencies=None, packages_above_depth=None, packages_select_by_dep=None, packages_skip_by_dep=None, packages_skip_up_to=None, packages_select_build_failed=False, packages_skip_build_finished=False, packages_select_test_failures=False, packages_skip_test_passed=False, packages_select=['my_robot_package'], packages_skip=None, packages_select_regex=None, packages_skip_regex=None, packages_start=None, packages_end=None, allow_overriding=[], cmake_args=None, cmake_target=None, cmake_target_skip_unavailable=False, cmake_clean_cache=False, cmake_clean_first=False, cmake_force_configure=False, ament_cmake_args=None, catkin_cmake_args=None, catkin_skip_building_tests=False, verb_parser=<colcon_defaults.argument_parser.defaults.DefaultArgumentsDecorator object at 0x7fd9b6d50790>, verb_extension=<colcon_core.verb.build.BuildVerb object at 0x7fd9b7515480>, main=<bound method BuildVerb.main of <colcon_core.verb.build.BuildVerb object at 0x7fd9b7515480>>)
[1.087s] Level 1:colcon.colcon_core.package_discovery:discover_packages(colcon_meta) check parameters
[1.088s] Level 1:colcon.colcon_core.package_discovery:discover_packages(recursive) check parameters
[1.088s] Level 1:colcon.colcon_core.package_discovery:discover_packages(ignore) check parameters
[1.088s] Level 1:colcon.colcon_core.package_discovery:discover_packages(path) check parameters
[1.088s] Level 1:colcon.colcon_core.package_discovery:discover_packages(colcon_meta) discover
[1.088s] Level 1:colcon.colcon_core.package_discovery:discover_packages(recursive) discover
[1.088s] INFO:colcon.colcon_core.package_discovery:Crawling recursively for packages in '/home/ac/ros2_auto_robot'
[1.088s] Level 1:colcon.colcon_core.package_identification:_identify(.) by extensions ['ignore', 'ignore_ament_install']
[1.089s] Level 1:colcon.colcon_core.package_identification:_identify(.) by extension 'ignore'
[1.089s] Level 1:colcon.colcon_core.package_identification:_identify(.) by extension 'ignore_ament_install'
[1.089s] Level 1:colcon.colcon_core.package_identification:_identify(.) by extensions ['colcon_pkg']
[1.089s] Level 1:colcon.colcon_core.package_identification:_identify(.) by extension 'colcon_pkg'
[1.089s] Level 1:colcon.colcon_core.package_identification:_identify(.) by extensions ['colcon_meta']
[1.089s] Level 1:colcon.colcon_core.package_identification:_identify(.) by extension 'colcon_meta'
[1.090s] Level 1:colcon.colcon_core.package_identification:_identify(.) by extensions ['ros']
[1.090s] Level 1:colcon.colcon_core.package_identification:_identify(.) by extension 'ros'
[1.123s] Level 1:colcon.colcon_core.package_identification:_identify(.) by extensions ['cmake', 'python']
[1.123s] Level 1:colcon.colcon_core.package_identification:_identify(.) by extension 'cmake'
[1.124s] Level 1:colcon.colcon_core.package_identification:_identify(.) by extension 'python'
[1.124s] Level 1:colcon.colcon_core.package_identification:_identify(.) by extensions ['python_setup_py']
[1.124s] Level 1:colcon.colcon_core.package_identification:_identify(.) by extension 'python_setup_py'
[1.124s] Level 1:colcon.colcon_core.package_identification:_identify(build) by extensions ['ignore', 'ignore_ament_install']
[1.124s] Level 1:colcon.colcon_core.package_identification:_identify(build) by extension 'ignore'
[1.124s] Level 1:colcon.colcon_core.package_identification:_identify(build) ignored
[1.125s] Level 1:colcon.colcon_core.package_identification:_identify(install) by extensions ['ignore', 'ignore_ament_install']
[1.125s] Level 1:colcon.colcon_core.package_identification:_identify(install) by extension 'ignore'
[1.125s] Level 1:colcon.colcon_core.package_identification:_identify(install) ignored
[1.126s] Level 1:colcon.colcon_core.package_identification:_identify(log) by extensions ['ignore', 'ignore_ament_install']
[1.126s] Level 1:colcon.colcon_core.package_identification:_identify(log) by extension 'ignore'
[1.126s] Level 1:colcon.colcon_core.package_identification:_identify(log) ignored
[1.126s] Level 1:colcon.colcon_core.package_identification:_identify(src) by extensions ['ignore', 'ignore_ament_install']
[1.126s] Level 1:colcon.colcon_core.package_identification:_identify(src) by extension 'ignore'
[1.126s] Level 1:colcon.colcon_core.package_identification:_identify(src) by extension 'ignore_ament_install'
[1.127s] Level 1:colcon.colcon_core.package_identification:_identify(src) by extensions ['colcon_pkg']
[1.127s] Level 1:colcon.colcon_core.package_identification:_identify(src) by extension 'colcon_pkg'
[1.127s] Level 1:colcon.colcon_core.package_identification:_identify(src) by extensions ['colcon_meta']
[1.127s] Level 1:colcon.colcon_core.package_identification:_identify(src) by extension 'colcon_meta'
[1.127s] Level 1:colcon.colcon_core.package_identification:_identify(src) by extensions ['ros']
[1.127s] Level 1:colcon.colcon_core.package_identification:_identify(src) by extension 'ros'
[1.127s] Level 1:colcon.colcon_core.package_identification:_identify(src) by extensions ['cmake', 'python']
[1.127s] Level 1:colcon.colcon_core.package_identification:_identify(src) by extension 'cmake'
[1.128s] Level 1:colcon.colcon_core.package_identification:_identify(src) by extension 'python'
[1.128s] Level 1:colcon.colcon_core.package_identification:_identify(src) by extensions ['python_setup_py']
[1.128s] Level 1:colcon.colcon_core.package_identification:_identify(src) by extension 'python_setup_py'
[1.128s] Level 1:colcon.colcon_core.package_identification:_identify(src/my_robot_package) by extensions ['ignore', 'ignore_ament_install']
[1.128s] Level 1:colcon.colcon_core.package_identification:_identify(src/my_robot_package) by extension 'ignore'
[1.128s] Level 1:colcon.colcon_core.package_identification:_identify(src/my_robot_package) by extension 'ignore_ament_install'
[1.128s] Level 1:colcon.colcon_core.package_identification:_identify(src/my_robot_package) by extensions ['colcon_pkg']
[1.128s] Level 1:colcon.colcon_core.package_identification:_identify(src/my_robot_package) by extension 'colcon_pkg'
[1.129s] Level 1:colcon.colcon_core.package_identification:_identify(src/my_robot_package) by extensions ['colcon_meta']
[1.129s] Level 1:colcon.colcon_core.package_identification:_identify(src/my_robot_package) by extension 'colcon_meta'
[1.129s] Level 1:colcon.colcon_core.package_identification:_identify(src/my_robot_package) by extensions ['ros']
[1.129s] Level 1:colcon.colcon_core.package_identification:_identify(src/my_robot_package) by extension 'ros'
[1.135s] DEBUG:colcon.colcon_core.package_identification:Package 'src/my_robot_package' with type 'ros.ament_python' and name 'my_robot_package'
[1.135s] Level 1:colcon.colcon_core.package_identification:_identify(src/test_package) by extensions ['ignore', 'ignore_ament_install']
[1.136s] Level 1:colcon.colcon_core.package_identification:_identify(src/test_package) by extension 'ignore'
[1.136s] Level 1:colcon.colcon_core.package_identification:_identify(src/test_package) by extension 'ignore_ament_install'
[1.136s] Level 1:colcon.colcon_core.package_identification:_identify(src/test_package) by extensions ['colcon_pkg']
[1.136s] Level 1:colcon.colcon_core.package_identification:_identify(src/test_package) by extension 'colcon_pkg'
[1.136s] Level 1:colcon.colcon_core.package_identification:_identify(src/test_package) by extensions ['colcon_meta']
[1.136s] Level 1:colcon.colcon_core.package_identification:_identify(src/test_package) by extension 'colcon_meta'
[1.136s] Level 1:colcon.colcon_core.package_identification:_identify(src/test_package) by extensions ['ros']
[1.136s] Level 1:colcon.colcon_core.package_identification:_identify(src/test_package) by extension 'ros'
[1.139s] DEBUG:colcon.colcon_core.package_identification:Package 'src/test_package' with type 'ros.ament_python' and name 'test_package'
[1.139s] Level 1:colcon.colcon_core.package_discovery:discover_packages(recursive) using defaults
[1.139s] Level 1:colcon.colcon_core.package_discovery:discover_packages(ignore) discover
[1.139s] Level 1:colcon.colcon_core.package_discovery:discover_packages(ignore) using defaults
[1.139s] Level 1:colcon.colcon_core.package_discovery:discover_packages(path) discover
[1.139s] Level 1:colcon.colcon_core.package_discovery:discover_packages(path) using defaults
[1.206s] INFO:colcon.colcon_core.package_selection:Skipping not selected package 'test_package' in 'src/test_package'
[1.210s] Level 1:colcon.colcon_core.package_discovery:discover_packages(prefix_path) check parameters
[1.210s] Level 1:colcon.colcon_core.package_discovery:discover_packages(prefix_path) discover
[1.220s] DEBUG:colcon.colcon_installed_package_information.package_discovery:Found 2 installed packages in /home/ac/ros2_auto_robot/install
[1.224s] DEBUG:colcon.colcon_installed_package_information.package_discovery:Found 2 installed packages in /home/ac/turtlebot3_ws/install
[1.230s] DEBUG:colcon.colcon_installed_package_information.package_discovery:Found 382 installed packages in /opt/ros/humble
[1.239s] Level 1:colcon.colcon_core.package_discovery:discover_packages(prefix_path) using defaults
[1.470s] Level 5:colcon.colcon_core.verb:set package 'my_robot_package' build argument 'cmake_args' from command line to 'None'
[1.470s] Level 5:colcon.colcon_core.verb:set package 'my_robot_package' build argument 'cmake_target' from command line to 'None'
[1.470s] Level 5:colcon.colcon_core.verb:set package 'my_robot_package' build argument 'cmake_target_skip_unavailable' from command line to 'False'
[1.470s] Level 5:colcon.colcon_core.verb:set package 'my_robot_package' build argument 'cmake_clean_cache' from command line to 'False'
[1.471s] Level 5:colcon.colcon_core.verb:set package 'my_robot_package' build argument 'cmake_clean_first' from command line to 'False'
[1.471s] Level 5:colcon.colcon_core.verb:set package 'my_robot_package' build argument 'cmake_force_configure' from command line to 'False'
[1.471s] Level 5:colcon.colcon_core.verb:set package 'my_robot_package' build argument 'ament_cmake_args' from command line to 'None'
[1.471s] Level 5:colcon.colcon_core.verb:set package 'my_robot_package' build argument 'catkin_cmake_args' from command line to 'None'
[1.471s] Level 5:colcon.colcon_core.verb:set package 'my_robot_package' build argument 'catkin_skip_building_tests' from command line to 'False'
[1.471s] DEBUG:colcon.colcon_core.verb:Building package 'my_robot_package' with the following arguments: {'ament_cmake_args': None, 'build_base': '/home/ac/ros2_auto_robot/build/my_robot_package', 'catkin_cmake_args': None, 'catkin_skip_building_tests': False, 'cmake_args': None, 'cmake_clean_cache': False, 'cmake_clean_first': False, 'cmake_force_configure': False, 'cmake_target': None, 'cmake_target_skip_unavailable': False, 'install_base': '/home/ac/ros2_auto_robot/install/my_robot_package', 'merge_install': False, 'path': '/home/ac/ros2_auto_robot/src/my_robot_package', 'symlink_install': False, 'test_result_base': None}
[1.473s] INFO:colcon.colcon_core.executor:Executing jobs using 'parallel' executor
[1.482s] DEBUG:colcon.colcon_parallel_executor.executor.parallel:run_until_complete
[1.483s] INFO:colcon.colcon_ros.task.ament_python.build:Building ROS package in '/home/ac/ros2_auto_robot/src/my_robot_package' with build type 'ament_python'
[1.483s] Level 1:colcon.colcon_core.shell:create_environment_hook('my_robot_package', 'ament_prefix_path')
[1.499s] INFO:colcon.colcon_core.plugin_system:Skipping extension 'colcon_core.shell.bat': Not used on non-Windows systems
[1.500s] INFO:colcon.colcon_core.shell:Creating environment hook '/home/ac/ros2_auto_robot/install/my_robot_package/share/my_robot_package/hook/ament_prefix_path.ps1'
[1.501s] INFO:colcon.colcon_core.shell:Creating environment descriptor '/home/ac/ros2_auto_robot/install/my_robot_package/share/my_robot_package/hook/ament_prefix_path.dsv'
[1.503s] INFO:colcon.colcon_core.shell:Creating environment hook '/home/ac/ros2_auto_robot/install/my_robot_package/share/my_robot_package/hook/ament_prefix_path.sh'
[1.508s] INFO:colcon.colcon_core.shell:Skip shell extension 'powershell' for command environment: Not usable outside of PowerShell
[1.508s] DEBUG:colcon.colcon_core.shell:Skip shell extension 'dsv' for command environment
[2.172s] INFO:colcon.colcon_core.task.python.build:Building Python package in '/home/ac/ros2_auto_robot/src/my_robot_package'
[2.176s] INFO:colcon.colcon_core.shell:Skip shell extension 'powershell' for command environment: Not usable outside of PowerShell
[2.176s] DEBUG:colcon.colcon_core.shell:Skip shell extension 'dsv' for command environment
[3.240s] DEBUG:colcon.colcon_core.event_handler.log_command:Invoking command in '/home/ac/ros2_auto_robot/build/my_robot_package': PYTHONPATH=/home/ac/ros2_auto_robot/build/my_robot_package/prefix_override:/home/ac/ros2_auto_robot/install/my_robot_package/lib/python3.10/site-packages:${PYTHONPATH} /usr/bin/python3 setup.py develop --uninstall --editable --build-directory /home/ac/ros2_auto_robot/build/my_robot_package/build
[4.337s] DEBUG:colcon.colcon_core.event_handler.log_command:Invoked command in '/home/ac/ros2_auto_robot/build/my_robot_package' returned '0': PYTHONPATH=/home/ac/ros2_auto_robot/build/my_robot_package/prefix_override:/home/ac/ros2_auto_robot/install/my_robot_package/lib/python3.10/site-packages:${PYTHONPATH} /usr/bin/python3 setup.py develop --uninstall --editable --build-directory /home/ac/ros2_auto_robot/build/my_robot_package/build
[4.340s] DEBUG:colcon.colcon_core.event_handler.log_command:Invoking command in '/home/ac/ros2_auto_robot/src/my_robot_package': PYTHONPATH=/home/ac/ros2_auto_robot/build/my_robot_package/prefix_override:/home/ac/ros2_auto_robot/install/my_robot_package/lib/python3.10/site-packages:${PYTHONPATH} /usr/bin/python3 setup.py egg_info --egg-base ../../build/my_robot_package build --build-base /home/ac/ros2_auto_robot/build/my_robot_package/build install --record /home/ac/ros2_auto_robot/build/my_robot_package/install.log --single-version-externally-managed
[5.115s] DEBUG:colcon.colcon_core.event_handler.log_command:Invoked command in '/home/ac/ros2_auto_robot/src/my_robot_package' returned '0': PYTHONPATH=/home/ac/ros2_auto_robot/build/my_robot_package/prefix_override:/home/ac/ros2_auto_robot/install/my_robot_package/lib/python3.10/site-packages:${PYTHONPATH} /usr/bin/python3 setup.py egg_info --egg-base ../../build/my_robot_package build --build-base /home/ac/ros2_auto_robot/build/my_robot_package/build install --record /home/ac/ros2_auto_robot/build/my_robot_package/install.log --single-version-externally-managed
[5.129s] Level 1:colcon.colcon_core.environment:checking '/home/ac/ros2_auto_robot/install/my_robot_package' for CMake module files
[5.130s] Level 1:colcon.colcon_core.environment:checking '/home/ac/ros2_auto_robot/install/my_robot_package' for CMake config files
[5.132s] Level 1:colcon.colcon_core.environment:checking '/home/ac/ros2_auto_robot/install/my_robot_package/lib'
[5.132s] Level 1:colcon.colcon_core.environment:checking '/home/ac/ros2_auto_robot/install/my_robot_package/bin'
[5.132s] Level 1:colcon.colcon_core.environment:checking '/home/ac/ros2_auto_robot/install/my_robot_package/lib/pkgconfig/my_robot_package.pc'
[5.133s] Level 1:colcon.colcon_core.environment:checking '/home/ac/ros2_auto_robot/install/my_robot_package/lib/python3.10/site-packages'
[5.133s] Level 1:colcon.colcon_core.shell:create_environment_hook('my_robot_package', 'pythonpath')
[5.137s] INFO:colcon.colcon_core.shell:Creating environment hook '/home/ac/ros2_auto_robot/install/my_robot_package/share/my_robot_package/hook/pythonpath.ps1'
[5.138s] INFO:colcon.colcon_core.shell:Creating environment descriptor '/home/ac/ros2_auto_robot/install/my_robot_package/share/my_robot_package/hook/pythonpath.dsv'
[5.139s] INFO:colcon.colcon_core.shell:Creating environment hook '/home/ac/ros2_auto_robot/install/my_robot_package/share/my_robot_package/hook/pythonpath.sh'
[5.140s] Level 1:colcon.colcon_core.environment:checking '/home/ac/ros2_auto_robot/install/my_robot_package/bin'
[5.140s] Level 1:colcon.colcon_core.environment:create_environment_scripts_only(my_robot_package)
[5.145s] INFO:colcon.colcon_core.shell:Creating package script '/home/ac/ros2_auto_robot/install/my_robot_package/share/my_robot_package/package.ps1'
[5.147s] INFO:colcon.colcon_core.shell:Creating package descriptor '/home/ac/ros2_auto_robot/install/my_robot_package/share/my_robot_package/package.dsv'
[5.148s] INFO:colcon.colcon_core.shell:Creating package script '/home/ac/ros2_auto_robot/install/my_robot_package/share/my_robot_package/package.sh'
[5.150s] INFO:colcon.colcon_core.shell:Creating package script '/home/ac/ros2_auto_robot/install/my_robot_package/share/my_robot_package/package.bash'
[5.152s] INFO:colcon.colcon_core.shell:Creating package script '/home/ac/ros2_auto_robot/install/my_robot_package/share/my_robot_package/package.zsh'
[5.153s] Level 1:colcon.colcon_core.environment:create_file_with_runtime_dependencies(/home/ac/ros2_auto_robot/install/my_robot_package/share/colcon-core/packages/my_robot_package)
[5.154s] DEBUG:colcon.colcon_parallel_executor.executor.parallel:closing loop
[5.154s] DEBUG:colcon.colcon_parallel_executor.executor.parallel:loop closed
[5.154s] DEBUG:colcon.colcon_parallel_executor.executor.parallel:run_until_complete finished with '0'
[5.154s] DEBUG:colcon.colcon_core.event_reactor:joining thread
[5.174s] INFO:colcon.colcon_core.plugin_system:Skipping extension 'colcon_notification.desktop_notification.terminal_notifier': Not used on non-Darwin systems
[5.174s] INFO:colcon.colcon_core.plugin_system:Skipping extension 'colcon_notification.desktop_notification.win32': Not used on non-Windows systems
[5.174s] INFO:colcon.colcon_notification.desktop_notification:Sending desktop notification using 'notify2'
[5.238s] DEBUG:colcon.colcon_core.event_reactor:joined thread
[5.243s] INFO:colcon.colcon_core.shell:Creating prefix script '/home/ac/ros2_auto_robot/install/local_setup.ps1'
[5.246s] INFO:colcon.colcon_core.shell:Creating prefix util module '/home/ac/ros2_auto_robot/install/_local_setup_util_ps1.py'
[5.251s] INFO:colcon.colcon_core.shell:Creating prefix chain script '/home/ac/ros2_auto_robot/install/setup.ps1'
[5.259s] INFO:colcon.colcon_core.shell:Creating prefix script '/home/ac/ros2_auto_robot/install/local_setup.sh'
[5.261s] INFO:colcon.colcon_core.shell:Creating prefix util module '/home/ac/ros2_auto_robot/install/_local_setup_util_sh.py'
[5.261s] INFO:colcon.colcon_core.shell:Creating prefix chain script '/home/ac/ros2_auto_robot/install/setup.sh'
[5.265s] INFO:colcon.colcon_core.shell:Creating prefix script '/home/ac/ros2_auto_robot/install/local_setup.bash'
[5.267s] INFO:colcon.colcon_core.shell:Creating prefix chain script '/home/ac/ros2_auto_robot/install/setup.bash'
[5.271s] INFO:colcon.colcon_core.shell:Creating prefix script '/home/ac/ros2_auto_robot/install/local_setup.zsh'
[5.272s] INFO:colcon.colcon_core.shell:Creating prefix chain script '/home/ac/ros2_auto_robot/install/setup.zsh'
