[1.298s] DEBUG:colcon:Command line arguments: ['/usr/bin/colcon', 'list', '-p', '--base-paths', '/home/ac/ros2_auto_robot']
[1.299s] DEBUG:colcon:Parsed command line arguments: Namespace(log_base=None, log_level=None, verb_name='list', build_base='build', ignore_user_meta=False, metas=['./colcon.meta'], base_paths=['/home/ac/ros2_auto_robot'], packages_ignore=None, packages_ignore_regex=None, paths=None, packages_up_to=None, packages_up_to_regex=None, packages_above=None, packages_above_and_dependencies=None, packages_above_depth=None, packages_select_by_dep=None, packages_skip_by_dep=None, packages_skip_up_to=None, packages_select_build_failed=False, packages_skip_build_finished=False, packages_select_test_failures=False, packages_skip_test_passed=False, packages_select=None, packages_skip=None, packages_select_regex=None, packages_skip_regex=None, packages_start=None, packages_end=None, allow_overriding=[], topological_order=False, names_only=False, paths_only=True, topological_graph=False, topological_graph_dot=False, topological_graph_density=False, topological_graph_legend=False, topological_graph_dot_cluster=False, topological_graph_dot_include_skipped=False, verb_parser=<colcon_defaults.argument_parser.defaults.DefaultArgumentsDecorator object at 0x7f712acdca90>, verb_extension=<colcon_package_information.verb.list.ListVerb object at 0x7f712ac4b130>, main=<bound method ListVerb.main of <colcon_package_information.verb.list.ListVerb object at 0x7f712ac4b130>>)
[1.518s] Level 1:colcon.colcon_core.package_discovery:discover_packages(colcon_meta) check parameters
[1.518s] Level 1:colcon.colcon_core.package_discovery:discover_packages(recursive) check parameters
[1.518s] Level 1:colcon.colcon_core.package_discovery:discover_packages(ignore) check parameters
[1.518s] Level 1:colcon.colcon_core.package_discovery:discover_packages(path) check parameters
[1.518s] Level 1:colcon.colcon_core.package_discovery:discover_packages(recursive) discover
[1.518s] INFO:colcon.colcon_core.package_discovery:Crawling recursively for packages in '/home/ac/ros2_auto_robot'
[1.519s] Level 1:colcon.colcon_core.package_identification:_identify(/home/ac/ros2_auto_robot) by extensions ['ignore', 'ignore_ament_install']
[1.519s] Level 1:colcon.colcon_core.package_identification:_identify(/home/ac/ros2_auto_robot) by extension 'ignore'
[1.519s] Level 1:colcon.colcon_core.package_identification:_identify(/home/ac/ros2_auto_robot) by extension 'ignore_ament_install'
[1.519s] Level 1:colcon.colcon_core.package_identification:_identify(/home/ac/ros2_auto_robot) by extensions ['colcon_pkg']
[1.519s] Level 1:colcon.colcon_core.package_identification:_identify(/home/ac/ros2_auto_robot) by extension 'colcon_pkg'
[1.519s] Level 1:colcon.colcon_core.package_identification:_identify(/home/ac/ros2_auto_robot) by extensions ['colcon_meta']
[1.519s] Level 1:colcon.colcon_core.package_identification:_identify(/home/ac/ros2_auto_robot) by extension 'colcon_meta'
[1.519s] Level 1:colcon.colcon_core.package_identification:_identify(/home/ac/ros2_auto_robot) by extensions ['ros']
[1.519s] Level 1:colcon.colcon_core.package_identification:_identify(/home/ac/ros2_auto_robot) by extension 'ros'
[1.546s] Level 1:colcon.colcon_core.package_identification:_identify(/home/ac/ros2_auto_robot) by extensions ['cmake', 'python']
[1.546s] Level 1:colcon.colcon_core.package_identification:_identify(/home/ac/ros2_auto_robot) by extension 'cmake'
[1.546s] Level 1:colcon.colcon_core.package_identification:_identify(/home/ac/ros2_auto_robot) by extension 'python'
[1.546s] Level 1:colcon.colcon_core.package_identification:_identify(/home/ac/ros2_auto_robot) by extensions ['python_setup_py']
[1.546s] Level 1:colcon.colcon_core.package_identification:_identify(/home/ac/ros2_auto_robot) by extension 'python_setup_py'
[1.547s] Level 1:colcon.colcon_core.package_identification:_identify(/home/ac/ros2_auto_robot/build) by extensions ['ignore', 'ignore_ament_install']
[1.547s] Level 1:colcon.colcon_core.package_identification:_identify(/home/ac/ros2_auto_robot/build) by extension 'ignore'
[1.547s] Level 1:colcon.colcon_core.package_identification:_identify(/home/ac/ros2_auto_robot/build) ignored
[1.547s] Level 1:colcon.colcon_core.package_identification:_identify(/home/ac/ros2_auto_robot/install) by extensions ['ignore', 'ignore_ament_install']
[1.548s] Level 1:colcon.colcon_core.package_identification:_identify(/home/ac/ros2_auto_robot/install) by extension 'ignore'
[1.548s] Level 1:colcon.colcon_core.package_identification:_identify(/home/ac/ros2_auto_robot/install) ignored
[1.548s] Level 1:colcon.colcon_core.package_identification:_identify(/home/ac/ros2_auto_robot/log) by extensions ['ignore', 'ignore_ament_install']
[1.548s] Level 1:colcon.colcon_core.package_identification:_identify(/home/ac/ros2_auto_robot/log) by extension 'ignore'
[1.548s] Level 1:colcon.colcon_core.package_identification:_identify(/home/ac/ros2_auto_robot/log) ignored
[1.548s] Level 1:colcon.colcon_core.package_identification:_identify(/home/ac/ros2_auto_robot/src) by extensions ['ignore', 'ignore_ament_install']
[1.549s] Level 1:colcon.colcon_core.package_identification:_identify(/home/ac/ros2_auto_robot/src) by extension 'ignore'
[1.549s] Level 1:colcon.colcon_core.package_identification:_identify(/home/ac/ros2_auto_robot/src) by extension 'ignore_ament_install'
[1.549s] Level 1:colcon.colcon_core.package_identification:_identify(/home/ac/ros2_auto_robot/src) by extensions ['colcon_pkg']
[1.549s] Level 1:colcon.colcon_core.package_identification:_identify(/home/ac/ros2_auto_robot/src) by extension 'colcon_pkg'
[1.549s] Level 1:colcon.colcon_core.package_identification:_identify(/home/ac/ros2_auto_robot/src) by extensions ['colcon_meta']
[1.549s] Level 1:colcon.colcon_core.package_identification:_identify(/home/ac/ros2_auto_robot/src) by extension 'colcon_meta'
[1.549s] Level 1:colcon.colcon_core.package_identification:_identify(/home/ac/ros2_auto_robot/src) by extensions ['ros']
[1.549s] Level 1:colcon.colcon_core.package_identification:_identify(/home/ac/ros2_auto_robot/src) by extension 'ros'
[1.549s] Level 1:colcon.colcon_core.package_identification:_identify(/home/ac/ros2_auto_robot/src) by extensions ['cmake', 'python']
[1.549s] Level 1:colcon.colcon_core.package_identification:_identify(/home/ac/ros2_auto_robot/src) by extension 'cmake'
[1.549s] Level 1:colcon.colcon_core.package_identification:_identify(/home/ac/ros2_auto_robot/src) by extension 'python'
[1.550s] Level 1:colcon.colcon_core.package_identification:_identify(/home/ac/ros2_auto_robot/src) by extensions ['python_setup_py']
[1.550s] Level 1:colcon.colcon_core.package_identification:_identify(/home/ac/ros2_auto_robot/src) by extension 'python_setup_py'
[1.550s] Level 1:colcon.colcon_core.package_identification:_identify(/home/ac/ros2_auto_robot/src/my_robot_package) by extensions ['ignore', 'ignore_ament_install']
[1.550s] Level 1:colcon.colcon_core.package_identification:_identify(/home/ac/ros2_auto_robot/src/my_robot_package) by extension 'ignore'
[1.550s] Level 1:colcon.colcon_core.package_identification:_identify(/home/ac/ros2_auto_robot/src/my_robot_package) by extension 'ignore_ament_install'
[1.550s] Level 1:colcon.colcon_core.package_identification:_identify(/home/ac/ros2_auto_robot/src/my_robot_package) by extensions ['colcon_pkg']
[1.550s] Level 1:colcon.colcon_core.package_identification:_identify(/home/ac/ros2_auto_robot/src/my_robot_package) by extension 'colcon_pkg'
[1.550s] Level 1:colcon.colcon_core.package_identification:_identify(/home/ac/ros2_auto_robot/src/my_robot_package) by extensions ['colcon_meta']
[1.550s] Level 1:colcon.colcon_core.package_identification:_identify(/home/ac/ros2_auto_robot/src/my_robot_package) by extension 'colcon_meta'
[1.551s] Level 1:colcon.colcon_core.package_identification:_identify(/home/ac/ros2_auto_robot/src/my_robot_package) by extensions ['ros']
[1.551s] Level 1:colcon.colcon_core.package_identification:_identify(/home/ac/ros2_auto_robot/src/my_robot_package) by extension 'ros'
[1.556s] DEBUG:colcon.colcon_core.package_identification:Package '/home/ac/ros2_auto_robot/src/my_robot_package' with type 'ros.ament_python' and name 'my_robot_package'
[1.556s] Level 1:colcon.colcon_core.package_discovery:discover_packages(recursive) using defaults
