[0.849s] Invoking command in '/home/ac/ros2_auto_robot/build/my_robot_package': PYTHONPATH=/home/ac/ros2_auto_robot/build/my_robot_package/prefix_override:/home/ac/ros2_auto_robot/install/my_robot_package/lib/python3.10/site-packages:${PYTHONPATH} /usr/bin/python3 setup.py develop --uninstall --editable --build-directory /home/ac/ros2_auto_robot/build/my_robot_package/build
[1.197s] running develop
[1.197s] /usr/lib/python3/dist-packages/setuptools/command/easy_install.py:158: EasyInstallDeprecationWarning: easy_install command is deprecated. Use build and pip and other standards-based tools.
[1.197s]   warnings.warn(
[1.199s] /usr/lib/python3/dist-packages/setuptools/command/install.py:34: SetuptoolsDeprecationWarning: setup.py install is deprecated. Use build and pip and other standards-based tools.
[1.199s]   warnings.warn(
[1.280s] /usr/lib/python3/dist-packages/pkg_resources/__init__.py:116: PkgResourcesDeprecationWarning: 0.1.43ubuntu1 is an invalid version and will not be supported in a future release
[1.280s]   warnings.warn(
[1.280s] /usr/lib/python3/dist-packages/pkg_resources/__init__.py:116: PkgResourcesDeprecationWarning: 1.1build1 is an invalid version and will not be supported in a future release
[1.280s]   warnings.warn(
[1.455s] Invoked command in '/home/ac/ros2_auto_robot/build/my_robot_package' returned '0': PYTHONPATH=/home/ac/ros2_auto_robot/build/my_robot_package/prefix_override:/home/ac/ros2_auto_robot/install/my_robot_package/lib/python3.10/site-packages:${PYTHONPATH} /usr/bin/python3 setup.py develop --uninstall --editable --build-directory /home/ac/ros2_auto_robot/build/my_robot_package/build
[1.457s] Invoking command in '/home/ac/ros2_auto_robot/src/my_robot_package': PYTHONPATH=/home/ac/ros2_auto_robot/build/my_robot_package/prefix_override:/home/ac/ros2_auto_robot/install/my_robot_package/lib/python3.10/site-packages:${PYTHONPATH} /usr/bin/python3 setup.py egg_info --egg-base ../../build/my_robot_package build --build-base /home/ac/ros2_auto_robot/build/my_robot_package/build install --record /home/ac/ros2_auto_robot/build/my_robot_package/install.log --single-version-externally-managed
[1.788s] running egg_info
[1.790s] writing ../../build/my_robot_package/my_robot_package.egg-info/PKG-INFO
[1.790s] writing dependency_links to ../../build/my_robot_package/my_robot_package.egg-info/dependency_links.txt
[1.790s] writing entry points to ../../build/my_robot_package/my_robot_package.egg-info/entry_points.txt
[1.790s] writing requirements to ../../build/my_robot_package/my_robot_package.egg-info/requires.txt
[1.791s] writing top-level names to ../../build/my_robot_package/my_robot_package.egg-info/top_level.txt
[1.793s] reading manifest file '../../build/my_robot_package/my_robot_package.egg-info/SOURCES.txt'
[1.795s] writing manifest file '../../build/my_robot_package/my_robot_package.egg-info/SOURCES.txt'
[1.795s] running build
[1.795s] running build_py
[1.795s] copying my_robot_package/ackermann_controller_node.py -> /home/ac/ros2_auto_robot/build/my_robot_package/build/lib/my_robot_package
[1.796s] running install
[1.796s] /usr/lib/python3/dist-packages/setuptools/command/install.py:34: SetuptoolsDeprecationWarning: setup.py install is deprecated. Use build and pip and other standards-based tools.
[1.796s]   warnings.warn(
[1.796s] running install_lib
[1.797s] copying /home/ac/ros2_auto_robot/build/my_robot_package/build/lib/my_robot_package/ackermann_controller_node.py -> /home/ac/ros2_auto_robot/install/my_robot_package/lib/python3.10/site-packages/my_robot_package
[1.798s] byte-compiling /home/ac/ros2_auto_robot/install/my_robot_package/lib/python3.10/site-packages/my_robot_package/ackermann_controller_node.py to ackermann_controller_node.cpython-310.pyc
[1.800s] running install_data
[1.801s] running install_egg_info
[1.804s] removing '/home/ac/ros2_auto_robot/install/my_robot_package/lib/python3.10/site-packages/my_robot_package-0.0.0-py3.10.egg-info' (and everything under it)
[1.807s] Copying ../../build/my_robot_package/my_robot_package.egg-info to /home/ac/ros2_auto_robot/install/my_robot_package/lib/python3.10/site-packages/my_robot_package-0.0.0-py3.10.egg-info
[1.808s] running install_scripts
[1.833s] Installing ackermann_controller_node script to /home/ac/ros2_auto_robot/install/my_robot_package/lib/my_robot_package
[1.833s] Installing circle_motion script to /home/ac/ros2_auto_robot/install/my_robot_package/lib/my_robot_package
[1.833s] Installing hello_world_exe script to /home/ac/ros2_auto_robot/install/my_robot_package/lib/my_robot_package
[1.833s] Installing obstacle_avoidance_node script to /home/ac/ros2_auto_robot/install/my_robot_package/lib/my_robot_package
[1.834s] writing list of installed files to '/home/ac/ros2_auto_robot/build/my_robot_package/install.log'
[1.858s] Invoked command in '/home/ac/ros2_auto_robot/src/my_robot_package' returned '0': PYTHONPATH=/home/ac/ros2_auto_robot/build/my_robot_package/prefix_override:/home/ac/ros2_auto_robot/install/my_robot_package/lib/python3.10/site-packages:${PYTHONPATH} /usr/bin/python3 setup.py egg_info --egg-base ../../build/my_robot_package build --build-base /home/ac/ros2_auto_robot/build/my_robot_package/build install --record /home/ac/ros2_auto_robot/build/my_robot_package/install.log --single-version-externally-managed
