[1.093s] Invoking command in '/home/ac/ros2_auto_robot/build/my_robot_package': PYTHONPATH=/home/ac/ros2_auto_robot/build/my_robot_package/prefix_override:/home/ac/ros2_auto_robot/install/my_robot_package/lib/python3.10/site-packages:${PYTHONPATH} /usr/bin/python3 setup.py develop --uninstall --editable --build-directory /home/ac/ros2_auto_robot/build/my_robot_package/build
[1.446s] running develop
[1.450s] /usr/lib/python3/dist-packages/setuptools/command/easy_install.py:158: EasyInstallDeprecationWarning: easy_install command is deprecated. Use build and pip and other standards-based tools.
[1.450s]   warnings.warn(
[1.453s] /usr/lib/python3/dist-packages/setuptools/command/install.py:34: SetuptoolsDeprecationWarning: setup.py install is deprecated. Use build and pip and other standards-based tools.
[1.453s]   warnings.warn(
[1.540s] /usr/lib/python3/dist-packages/pkg_resources/__init__.py:116: PkgResourcesDeprecationWarning: 0.1.43ubuntu1 is an invalid version and will not be supported in a future release
[1.540s]   warnings.warn(
[1.540s] /usr/lib/python3/dist-packages/pkg_resources/__init__.py:116: PkgResourcesDeprecationWarning: 1.1build1 is an invalid version and will not be supported in a future release
[1.541s]   warnings.warn(
[1.728s] Invoked command in '/home/ac/ros2_auto_robot/build/my_robot_package' returned '0': PYTHONPATH=/home/ac/ros2_auto_robot/build/my_robot_package/prefix_override:/home/ac/ros2_auto_robot/install/my_robot_package/lib/python3.10/site-packages:${PYTHONPATH} /usr/bin/python3 setup.py develop --uninstall --editable --build-directory /home/ac/ros2_auto_robot/build/my_robot_package/build
[1.728s] Invoking command in '/home/ac/ros2_auto_robot/src/my_robot_package': PYTHONPATH=/home/ac/ros2_auto_robot/build/my_robot_package/prefix_override:/home/ac/ros2_auto_robot/install/my_robot_package/lib/python3.10/site-packages:${PYTHONPATH} /usr/bin/python3 setup.py egg_info --egg-base ../../build/my_robot_package build --build-base /home/ac/ros2_auto_robot/build/my_robot_package/build install --record /home/ac/ros2_auto_robot/build/my_robot_package/install.log --single-version-externally-managed
[2.051s] running egg_info
[2.053s] writing ../../build/my_robot_package/my_robot_package.egg-info/PKG-INFO
[2.054s] writing dependency_links to ../../build/my_robot_package/my_robot_package.egg-info/dependency_links.txt
[2.054s] writing entry points to ../../build/my_robot_package/my_robot_package.egg-info/entry_points.txt
[2.055s] writing requirements to ../../build/my_robot_package/my_robot_package.egg-info/requires.txt
[2.055s] writing top-level names to ../../build/my_robot_package/my_robot_package.egg-info/top_level.txt
[2.056s] reading manifest file '../../build/my_robot_package/my_robot_package.egg-info/SOURCES.txt'
[2.058s] writing manifest file '../../build/my_robot_package/my_robot_package.egg-info/SOURCES.txt'
[2.058s] running build
[2.058s] running build_py
[2.059s] running install
[2.059s] /usr/lib/python3/dist-packages/setuptools/command/install.py:34: SetuptoolsDeprecationWarning: setup.py install is deprecated. Use build and pip and other standards-based tools.
[2.059s]   warnings.warn(
[2.059s] running install_lib
[2.062s] running install_data
[2.063s] copying urdf/tinykart.urdf -> /home/ac/ros2_auto_robot/install/my_robot_package/share/my_robot_package
[2.063s] copying urdf/dolly.urdf -> /home/ac/ros2_auto_robot/install/my_robot_package/share/my_robot_package
[2.063s] copying launch/tinykart_gazebo.launch.py -> /home/ac/ros2_auto_robot/install/my_robot_package/share/my_robot_package
[2.063s] running install_egg_info
[2.064s] removing '/home/ac/ros2_auto_robot/install/my_robot_package/lib/python3.10/site-packages/my_robot_package-0.0.0-py3.10.egg-info' (and everything under it)
[2.067s] Copying ../../build/my_robot_package/my_robot_package.egg-info to /home/ac/ros2_auto_robot/install/my_robot_package/lib/python3.10/site-packages/my_robot_package-0.0.0-py3.10.egg-info
[2.068s] running install_scripts
[2.098s] Installing circle_motion script to /home/ac/ros2_auto_robot/install/my_robot_package/lib/my_robot_package
[2.100s] Installing hello_world_exe script to /home/ac/ros2_auto_robot/install/my_robot_package/lib/my_robot_package
[2.101s] Installing obstacle_avoidance_node script to /home/ac/ros2_auto_robot/install/my_robot_package/lib/my_robot_package
[2.101s] writing list of installed files to '/home/ac/ros2_auto_robot/build/my_robot_package/install.log'
[2.125s] Invoked command in '/home/ac/ros2_auto_robot/src/my_robot_package' returned '0': PYTHONPATH=/home/ac/ros2_auto_robot/build/my_robot_package/prefix_override:/home/ac/ros2_auto_robot/install/my_robot_package/lib/python3.10/site-packages:${PYTHONPATH} /usr/bin/python3 setup.py egg_info --egg-base ../../build/my_robot_package build --build-base /home/ac/ros2_auto_robot/build/my_robot_package/build install --record /home/ac/ros2_auto_robot/build/my_robot_package/install.log --single-version-externally-managed
