/home/ubuntu/Robot_Stuff/ros2_autoRobot/install/my_robot_package/lib/python3.10/site-packages/my_robot_package/hello_world.py
/home/ubuntu/Robot_Stuff/ros2_autoRobot/install/my_robot_package/lib/python3.10/site-packages/my_robot_package/__init__.py
/home/ubuntu/Robot_Stuff/ros2_autoRobot/install/my_robot_package/lib/python3.10/site-packages/my_robot_package/circle_motion.py
/home/ubuntu/Robot_Stuff/ros2_autoRobot/install/my_robot_package/lib/python3.10/site-packages/my_robot_package/obstacle_avoidance.py
/home/ubuntu/Robot_Stuff/ros2_autoRobot/install/my_robot_package/lib/python3.10/site-packages/my_robot_package/__pycache__/hello_world.cpython-310.pyc
/home/ubuntu/Robot_Stuff/ros2_autoRobot/install/my_robot_package/lib/python3.10/site-packages/my_robot_package/__pycache__/__init__.cpython-310.pyc
/home/ubuntu/Robot_Stuff/ros2_autoRobot/install/my_robot_package/lib/python3.10/site-packages/my_robot_package/__pycache__/circle_motion.cpython-310.pyc
/home/ubuntu/Robot_Stuff/ros2_autoRobot/install/my_robot_package/lib/python3.10/site-packages/my_robot_package/__pycache__/obstacle_avoidance.cpython-310.pyc
/home/ubuntu/Robot_Stuff/ros2_autoRobot/install/my_robot_package/share/ament_index/resource_index/packages/my_robot_package
/home/ubuntu/Robot_Stuff/ros2_autoRobot/install/my_robot_package/share/my_robot_package/package.xml
/home/ubuntu/Robot_Stuff/ros2_autoRobot/install/my_robot_package/share/my_robot_package/dolly.urdf
/home/ubuntu/Robot_Stuff/ros2_autoRobot/install/my_robot_package/share/my_robot_package/gazebo_bringup.launch.py
/home/ubuntu/Robot_Stuff/ros2_autoRobot/install/my_robot_package/lib/python3.10/site-packages/my_robot_package-0.0.0-py3.10.egg-info/dependency_links.txt
/home/ubuntu/Robot_Stuff/ros2_autoRobot/install/my_robot_package/lib/python3.10/site-packages/my_robot_package-0.0.0-py3.10.egg-info/PKG-INFO
/home/ubuntu/Robot_Stuff/ros2_autoRobot/install/my_robot_package/lib/python3.10/site-packages/my_robot_package-0.0.0-py3.10.egg-info/zip-safe
/home/ubuntu/Robot_Stuff/ros2_autoRobot/install/my_robot_package/lib/python3.10/site-packages/my_robot_package-0.0.0-py3.10.egg-info/requires.txt
/home/ubuntu/Robot_Stuff/ros2_autoRobot/install/my_robot_package/lib/python3.10/site-packages/my_robot_package-0.0.0-py3.10.egg-info/top_level.txt
/home/ubuntu/Robot_Stuff/ros2_autoRobot/install/my_robot_package/lib/python3.10/site-packages/my_robot_package-0.0.0-py3.10.egg-info/SOURCES.txt
/home/ubuntu/Robot_Stuff/ros2_autoRobot/install/my_robot_package/lib/python3.10/site-packages/my_robot_package-0.0.0-py3.10.egg-info/entry_points.txt
/home/ubuntu/Robot_Stuff/ros2_autoRobot/install/my_robot_package/lib/my_robot_package/circle_motion
/home/ubuntu/Robot_Stuff/ros2_autoRobot/install/my_robot_package/lib/my_robot_package/hello_world_exe
/home/ubuntu/Robot_Stuff/ros2_autoRobot/install/my_robot_package/lib/my_robot_package/obstacle_avoidance_node
