running develop
/usr/lib/python3/dist-packages/setuptools/command/easy_install.py:158: EasyInstallDeprecationWarning: easy_install command is deprecated. Use build and pip and other standards-based tools.
  warnings.warn(
/usr/lib/python3/dist-packages/setuptools/command/install.py:34: SetuptoolsDeprecationWarning: setup.py install is deprecated. Use build and pip and other standards-based tools.
  warnings.warn(
/usr/lib/python3/dist-packages/pkg_resources/__init__.py:116: PkgResourcesDeprecationWarning: 0.1.43ubuntu1 is an invalid version and will not be supported in a future release
  warnings.warn(
/usr/lib/python3/dist-packages/pkg_resources/__init__.py:116: PkgResourcesDeprecationWarning: 1.1build1 is an invalid version and will not be supported in a future release
  warnings.warn(
running egg_info
creating my_robot_package.egg-info
writing my_robot_package.egg-info/PKG-INFO
writing dependency_links to my_robot_package.egg-info/dependency_links.txt
writing entry points to my_robot_package.egg-info/entry_points.txt
writing requirements to my_robot_package.egg-info/requires.txt
writing top-level names to my_robot_package.egg-info/top_level.txt
writing manifest file 'my_robot_package.egg-info/SOURCES.txt'
reading manifest file 'my_robot_package.egg-info/SOURCES.txt'
writing manifest file 'my_robot_package.egg-info/SOURCES.txt'
running build_ext
Creating /home/ac/ros2_auto_robot/install/my_robot_package/lib/python3.10/site-packages/my-robot-package.egg-link (link to .)

Installed /home/ac/ros2_auto_robot/build/my_robot_package
running install_data
creating /home/ac/ros2_auto_robot/install/my_robot_package/share/ament_index
creating /home/ac/ros2_auto_robot/install/my_robot_package/share/ament_index/resource_index
creating /home/ac/ros2_auto_robot/install/my_robot_package/share/ament_index/resource_index/packages
copying resource/my_robot_package -> /home/ac/ros2_auto_robot/install/my_robot_package/share/ament_index/resource_index/packages
copying package.xml -> /home/ac/ros2_auto_robot/install/my_robot_package/share/my_robot_package
