[1.631s] Invoking command in '/home/ac/ros2_auto_robot/build/my_robot_package': PYTHONPATH=/home/ac/ros2_auto_robot/build/my_robot_package/prefix_override:/home/ac/ros2_auto_robot/install/my_robot_package/lib/python3.10/site-packages:${PYTHONPATH} /usr/bin/python3 setup.py develop --uninstall --editable --build-directory /home/ac/ros2_auto_robot/build/my_robot_package/build
[2.323s] running develop
[2.324s] /usr/lib/python3/dist-packages/setuptools/command/easy_install.py:158: EasyInstallDeprecationWarning: easy_install command is deprecated. Use build and pip and other standards-based tools.
[2.324s]   warnings.warn(
[2.328s] /usr/lib/python3/dist-packages/setuptools/command/install.py:34: SetuptoolsDeprecationWarning: setup.py install is deprecated. Use build and pip and other standards-based tools.
[2.328s]   warnings.warn(
[2.490s] /usr/lib/python3/dist-packages/pkg_resources/__init__.py:116: PkgResourcesDeprecationWarning: 0.1.43ubuntu1 is an invalid version and will not be supported in a future release
[2.491s]   warnings.warn(
[2.491s] /usr/lib/python3/dist-packages/pkg_resources/__init__.py:116: PkgResourcesDeprecationWarning: 1.1build1 is an invalid version and will not be supported in a future release
[2.491s]   warnings.warn(
[2.811s] Invoked command in '/home/ac/ros2_auto_robot/build/my_robot_package' returned '0': PYTHONPATH=/home/ac/ros2_auto_robot/build/my_robot_package/prefix_override:/home/ac/ros2_auto_robot/install/my_robot_package/lib/python3.10/site-packages:${PYTHONPATH} /usr/bin/python3 setup.py develop --uninstall --editable --build-directory /home/ac/ros2_auto_robot/build/my_robot_package/build
[2.819s] Invoking command in '/home/ac/ros2_auto_robot/src/my_robot_package': PYTHONPATH=/home/ac/ros2_auto_robot/build/my_robot_package/prefix_override:/home/ac/ros2_auto_robot/install/my_robot_package/lib/python3.10/site-packages:${PYTHONPATH} /usr/bin/python3 setup.py egg_info --egg-base ../../build/my_robot_package build --build-base /home/ac/ros2_auto_robot/build/my_robot_package/build install --record /home/ac/ros2_auto_robot/build/my_robot_package/install.log --single-version-externally-managed
[3.453s] running egg_info
[3.454s] writing ../../build/my_robot_package/my_robot_package.egg-info/PKG-INFO
[3.454s] writing dependency_links to ../../build/my_robot_package/my_robot_package.egg-info/dependency_links.txt
[3.454s] writing entry points to ../../build/my_robot_package/my_robot_package.egg-info/entry_points.txt
[3.454s] writing requirements to ../../build/my_robot_package/my_robot_package.egg-info/requires.txt
[3.454s] writing top-level names to ../../build/my_robot_package/my_robot_package.egg-info/top_level.txt
[3.458s] reading manifest file '../../build/my_robot_package/my_robot_package.egg-info/SOURCES.txt'
[3.461s] writing manifest file '../../build/my_robot_package/my_robot_package.egg-info/SOURCES.txt'
[3.462s] running build
[3.462s] running build_py
[3.462s] running install
[3.463s] /usr/lib/python3/dist-packages/setuptools/command/install.py:34: SetuptoolsDeprecationWarning: setup.py install is deprecated. Use build and pip and other standards-based tools.
[3.463s]   warnings.warn(
[3.463s] running install_lib
[3.466s] running install_data
[3.468s] copying urdf/dolly_ackermann.urdf -> /home/ac/ros2_auto_robot/install/my_robot_package/share/my_robot_package
[3.468s] running install_egg_info
[3.471s] removing '/home/ac/ros2_auto_robot/install/my_robot_package/lib/python3.10/site-packages/my_robot_package-0.0.0-py3.10.egg-info' (and everything under it)
[3.472s] Copying ../../build/my_robot_package/my_robot_package.egg-info to /home/ac/ros2_auto_robot/install/my_robot_package/lib/python3.10/site-packages/my_robot_package-0.0.0-py3.10.egg-info
[3.473s] running install_scripts
[3.526s] Installing circle_motion script to /home/ac/ros2_auto_robot/install/my_robot_package/lib/my_robot_package
[3.526s] Installing hello_world_exe script to /home/ac/ros2_auto_robot/install/my_robot_package/lib/my_robot_package
[3.527s] Installing obstacle_avoidance_node script to /home/ac/ros2_auto_robot/install/my_robot_package/lib/my_robot_package
[3.528s] writing list of installed files to '/home/ac/ros2_auto_robot/build/my_robot_package/install.log'
[3.584s] Invoked command in '/home/ac/ros2_auto_robot/src/my_robot_package' returned '0': PYTHONPATH=/home/ac/ros2_auto_robot/build/my_robot_package/prefix_override:/home/ac/ros2_auto_robot/install/my_robot_package/lib/python3.10/site-packages:${PYTHONPATH} /usr/bin/python3 setup.py egg_info --egg-base ../../build/my_robot_package build --build-base /home/ac/ros2_auto_robot/build/my_robot_package/build install --record /home/ac/ros2_auto_robot/build/my_robot_package/install.log --single-version-externally-managed
