[0.471s] DEBUG:colcon:Command line arguments: ['/usr/bin/colcon', 'build']
[0.471s] DEBUG:colcon:Parsed command line arguments: Namespace(log_base=None, log_level=None, verb_name='build', build_base='build', install_base='install', merge_install=False, symlink_install=False, test_result_base=None, continue_on_error=False, executor='parallel', parallel_workers=6, event_handlers=None, ignore_user_meta=False, metas=['./colcon.meta'], base_paths=['.'], packages_ignore=None, packages_ignore_regex=None, paths=None, packages_up_to=None, packages_up_to_regex=None, packages_above=None, packages_above_and_dependencies=None, packages_above_depth=None, packages_select_by_dep=None, packages_skip_by_dep=None, packages_skip_up_to=None, packages_select_build_failed=False, packages_skip_build_finished=False, packages_select_test_failures=False, packages_skip_test_passed=False, packages_select=None, packages_skip=None, packages_select_regex=None, packages_skip_regex=None, packages_start=None, packages_end=None, allow_overriding=[], cmake_args=None, cmake_target=None, cmake_target_skip_unavailable=False, cmake_clean_cache=False, cmake_clean_first=False, cmake_force_configure=False, ament_cmake_args=None, catkin_cmake_args=None, catkin_skip_building_tests=False, verb_parser=<colcon_defaults.argument_parser.defaults.DefaultArgumentsDecorator object at 0x7f1d9cfcc580>, verb_extension=<colcon_core.verb.build.BuildVerb object at 0x7f1d9d781180>, main=<bound method BuildVerb.main of <colcon_core.verb.build.BuildVerb object at 0x7f1d9d781180>>)
[0.508s] Level 1:colcon.colcon_core.package_discovery:discover_packages(colcon_meta) check parameters
[0.508s] Level 1:colcon.colcon_core.package_discovery:discover_packages(recursive) check parameters
[0.508s] Level 1:colcon.colcon_core.package_discovery:discover_packages(ignore) check parameters
[0.508s] Level 1:colcon.colcon_core.package_discovery:discover_packages(path) check parameters
[0.508s] Level 1:colcon.colcon_core.package_discovery:discover_packages(colcon_meta) discover
[0.509s] Level 1:colcon.colcon_core.package_discovery:discover_packages(recursive) discover
[0.509s] INFO:colcon.colcon_core.package_discovery:Crawling recursively for packages in '/home/ac/ros2_auto_robot'
[0.509s] Level 1:colcon.colcon_core.package_identification:_identify(.) by extensions ['ignore', 'ignore_ament_install']
[0.509s] Level 1:colcon.colcon_core.package_identification:_identify(.) by extension 'ignore'
[0.509s] Level 1:colcon.colcon_core.package_identification:_identify(.) by extension 'ignore_ament_install'
[0.509s] Level 1:colcon.colcon_core.package_identification:_identify(.) by extensions ['colcon_pkg']
[0.509s] Level 1:colcon.colcon_core.package_identification:_identify(.) by extension 'colcon_pkg'
[0.509s] Level 1:colcon.colcon_core.package_identification:_identify(.) by extensions ['colcon_meta']
[0.509s] Level 1:colcon.colcon_core.package_identification:_identify(.) by extension 'colcon_meta'
[0.509s] Level 1:colcon.colcon_core.package_identification:_identify(.) by extensions ['ros']
[0.509s] Level 1:colcon.colcon_core.package_identification:_identify(.) by extension 'ros'
[0.524s] Level 1:colcon.colcon_core.package_identification:_identify(.) by extensions ['cmake', 'python']
[0.524s] Level 1:colcon.colcon_core.package_identification:_identify(.) by extension 'cmake'
[0.524s] Level 1:colcon.colcon_core.package_identification:_identify(.) by extension 'python'
[0.524s] Level 1:colcon.colcon_core.package_identification:_identify(.) by extensions ['python_setup_py']
[0.524s] Level 1:colcon.colcon_core.package_identification:_identify(.) by extension 'python_setup_py'
[0.524s] Level 1:colcon.colcon_core.package_identification:_identify(build) by extensions ['ignore', 'ignore_ament_install']
[0.525s] Level 1:colcon.colcon_core.package_identification:_identify(build) by extension 'ignore'
[0.525s] Level 1:colcon.colcon_core.package_identification:_identify(build) ignored
[0.525s] Level 1:colcon.colcon_core.package_identification:_identify(install) by extensions ['ignore', 'ignore_ament_install']
[0.525s] Level 1:colcon.colcon_core.package_identification:_identify(install) by extension 'ignore'
[0.525s] Level 1:colcon.colcon_core.package_identification:_identify(install) ignored
[0.525s] Level 1:colcon.colcon_core.package_identification:_identify(log) by extensions ['ignore', 'ignore_ament_install']
[0.525s] Level 1:colcon.colcon_core.package_identification:_identify(log) by extension 'ignore'
[0.525s] Level 1:colcon.colcon_core.package_identification:_identify(log) ignored
[0.526s] Level 1:colcon.colcon_core.package_identification:_identify(src) by extensions ['ignore', 'ignore_ament_install']
[0.526s] Level 1:colcon.colcon_core.package_identification:_identify(src) by extension 'ignore'
[0.526s] Level 1:colcon.colcon_core.package_identification:_identify(src) by extension 'ignore_ament_install'
[0.526s] Level 1:colcon.colcon_core.package_identification:_identify(src) by extensions ['colcon_pkg']
[0.526s] Level 1:colcon.colcon_core.package_identification:_identify(src) by extension 'colcon_pkg'
[0.526s] Level 1:colcon.colcon_core.package_identification:_identify(src) by extensions ['colcon_meta']
[0.526s] Level 1:colcon.colcon_core.package_identification:_identify(src) by extension 'colcon_meta'
[0.526s] Level 1:colcon.colcon_core.package_identification:_identify(src) by extensions ['ros']
[0.526s] Level 1:colcon.colcon_core.package_identification:_identify(src) by extension 'ros'
[0.526s] Level 1:colcon.colcon_core.package_identification:_identify(src) by extensions ['cmake', 'python']
[0.526s] Level 1:colcon.colcon_core.package_identification:_identify(src) by extension 'cmake'
[0.526s] Level 1:colcon.colcon_core.package_identification:_identify(src) by extension 'python'
[0.526s] Level 1:colcon.colcon_core.package_identification:_identify(src) by extensions ['python_setup_py']
[0.527s] Level 1:colcon.colcon_core.package_identification:_identify(src) by extension 'python_setup_py'
[0.527s] Level 1:colcon.colcon_core.package_identification:_identify(src/my_robot_package) by extensions ['ignore', 'ignore_ament_install']
[0.527s] Level 1:colcon.colcon_core.package_identification:_identify(src/my_robot_package) by extension 'ignore'
[0.527s] Level 1:colcon.colcon_core.package_identification:_identify(src/my_robot_package) by extension 'ignore_ament_install'
[0.527s] Level 1:colcon.colcon_core.package_identification:_identify(src/my_robot_package) by extensions ['colcon_pkg']
[0.527s] Level 1:colcon.colcon_core.package_identification:_identify(src/my_robot_package) by extension 'colcon_pkg'
[0.527s] Level 1:colcon.colcon_core.package_identification:_identify(src/my_robot_package) by extensions ['colcon_meta']
[0.527s] Level 1:colcon.colcon_core.package_identification:_identify(src/my_robot_package) by extension 'colcon_meta'
[0.527s] Level 1:colcon.colcon_core.package_identification:_identify(src/my_robot_package) by extensions ['ros']
[0.527s] Level 1:colcon.colcon_core.package_identification:_identify(src/my_robot_package) by extension 'ros'
[0.530s] DEBUG:colcon.colcon_core.package_identification:Package 'src/my_robot_package' with type 'ros.ament_python' and name 'my_robot_package'
[0.530s] Level 1:colcon.colcon_core.package_identification:_identify(src/test_package) by extensions ['ignore', 'ignore_ament_install']
[0.531s] Level 1:colcon.colcon_core.package_identification:_identify(src/test_package) by extension 'ignore'
[0.531s] Level 1:colcon.colcon_core.package_identification:_identify(src/test_package) by extension 'ignore_ament_install'
[0.531s] Level 1:colcon.colcon_core.package_identification:_identify(src/test_package) by extensions ['colcon_pkg']
[0.531s] Level 1:colcon.colcon_core.package_identification:_identify(src/test_package) by extension 'colcon_pkg'
[0.531s] Level 1:colcon.colcon_core.package_identification:_identify(src/test_package) by extensions ['colcon_meta']
[0.531s] Level 1:colcon.colcon_core.package_identification:_identify(src/test_package) by extension 'colcon_meta'
[0.531s] Level 1:colcon.colcon_core.package_identification:_identify(src/test_package) by extensions ['ros']
[0.531s] Level 1:colcon.colcon_core.package_identification:_identify(src/test_package) by extension 'ros'
[0.532s] DEBUG:colcon.colcon_core.package_identification:Package 'src/test_package' with type 'ros.ament_python' and name 'test_package'
[0.532s] Level 1:colcon.colcon_core.package_discovery:discover_packages(recursive) using defaults
[0.532s] Level 1:colcon.colcon_core.package_discovery:discover_packages(ignore) discover
[0.532s] Level 1:colcon.colcon_core.package_discovery:discover_packages(ignore) using defaults
[0.532s] Level 1:colcon.colcon_core.package_discovery:discover_packages(path) discover
[0.532s] Level 1:colcon.colcon_core.package_discovery:discover_packages(path) using defaults
[0.568s] Level 1:colcon.colcon_core.package_discovery:discover_packages(prefix_path) check parameters
[0.568s] Level 1:colcon.colcon_core.package_discovery:discover_packages(prefix_path) discover
[0.572s] DEBUG:colcon.colcon_installed_package_information.package_discovery:Found 2 installed packages in /home/ac/ros2_auto_robot/install
[0.573s] DEBUG:colcon.colcon_installed_package_information.package_discovery:Found 2 installed packages in /home/ac/turtlebot3_ws/install
[0.577s] DEBUG:colcon.colcon_installed_package_information.package_discovery:Found 382 installed packages in /opt/ros/humble
[0.581s] Level 1:colcon.colcon_core.package_discovery:discover_packages(prefix_path) using defaults
[0.695s] Level 5:colcon.colcon_core.verb:set package 'my_robot_package' build argument 'cmake_args' from command line to 'None'
[0.695s] Level 5:colcon.colcon_core.verb:set package 'my_robot_package' build argument 'cmake_target' from command line to 'None'
[0.695s] Level 5:colcon.colcon_core.verb:set package 'my_robot_package' build argument 'cmake_target_skip_unavailable' from command line to 'False'
[0.695s] Level 5:colcon.colcon_core.verb:set package 'my_robot_package' build argument 'cmake_clean_cache' from command line to 'False'
[0.695s] Level 5:colcon.colcon_core.verb:set package 'my_robot_package' build argument 'cmake_clean_first' from command line to 'False'
[0.695s] Level 5:colcon.colcon_core.verb:set package 'my_robot_package' build argument 'cmake_force_configure' from command line to 'False'
[0.695s] Level 5:colcon.colcon_core.verb:set package 'my_robot_package' build argument 'ament_cmake_args' from command line to 'None'
[0.695s] Level 5:colcon.colcon_core.verb:set package 'my_robot_package' build argument 'catkin_cmake_args' from command line to 'None'
[0.695s] Level 5:colcon.colcon_core.verb:set package 'my_robot_package' build argument 'catkin_skip_building_tests' from command line to 'False'
[0.695s] DEBUG:colcon.colcon_core.verb:Building package 'my_robot_package' with the following arguments: {'ament_cmake_args': None, 'build_base': '/home/ac/ros2_auto_robot/build/my_robot_package', 'catkin_cmake_args': None, 'catkin_skip_building_tests': False, 'cmake_args': None, 'cmake_clean_cache': False, 'cmake_clean_first': False, 'cmake_force_configure': False, 'cmake_target': None, 'cmake_target_skip_unavailable': False, 'install_base': '/home/ac/ros2_auto_robot/install/my_robot_package', 'merge_install': False, 'path': '/home/ac/ros2_auto_robot/src/my_robot_package', 'symlink_install': False, 'test_result_base': None}
[0.697s] Level 5:colcon.colcon_core.verb:set package 'test_package' build argument 'cmake_args' from command line to 'None'
[0.697s] Level 5:colcon.colcon_core.verb:set package 'test_package' build argument 'cmake_target' from command line to 'None'
[0.697s] Level 5:colcon.colcon_core.verb:set package 'test_package' build argument 'cmake_target_skip_unavailable' from command line to 'False'
[0.697s] Level 5:colcon.colcon_core.verb:set package 'test_package' build argument 'cmake_clean_cache' from command line to 'False'
[0.697s] Level 5:colcon.colcon_core.verb:set package 'test_package' build argument 'cmake_clean_first' from command line to 'False'
[0.697s] Level 5:colcon.colcon_core.verb:set package 'test_package' build argument 'cmake_force_configure' from command line to 'False'
[0.697s] Level 5:colcon.colcon_core.verb:set package 'test_package' build argument 'ament_cmake_args' from command line to 'None'
[0.697s] Level 5:colcon.colcon_core.verb:set package 'test_package' build argument 'catkin_cmake_args' from command line to 'None'
[0.697s] Level 5:colcon.colcon_core.verb:set package 'test_package' build argument 'catkin_skip_building_tests' from command line to 'False'
[0.697s] DEBUG:colcon.colcon_core.verb:Building package 'test_package' with the following arguments: {'ament_cmake_args': None, 'build_base': '/home/ac/ros2_auto_robot/build/test_package', 'catkin_cmake_args': None, 'catkin_skip_building_tests': False, 'cmake_args': None, 'cmake_clean_cache': False, 'cmake_clean_first': False, 'cmake_force_configure': False, 'cmake_target': None, 'cmake_target_skip_unavailable': False, 'install_base': '/home/ac/ros2_auto_robot/install/test_package', 'merge_install': False, 'path': '/home/ac/ros2_auto_robot/src/test_package', 'symlink_install': False, 'test_result_base': None}
[0.698s] INFO:colcon.colcon_core.executor:Executing jobs using 'parallel' executor
[0.703s] DEBUG:colcon.colcon_parallel_executor.executor.parallel:run_until_complete
[0.703s] INFO:colcon.colcon_ros.task.ament_python.build:Building ROS package in '/home/ac/ros2_auto_robot/src/my_robot_package' with build type 'ament_python'
[0.703s] Level 1:colcon.colcon_core.shell:create_environment_hook('my_robot_package', 'ament_prefix_path')
[0.708s] INFO:colcon.colcon_core.plugin_system:Skipping extension 'colcon_core.shell.bat': Not used on non-Windows systems
[0.709s] INFO:colcon.colcon_core.shell:Creating environment hook '/home/ac/ros2_auto_robot/install/my_robot_package/share/my_robot_package/hook/ament_prefix_path.ps1'
[0.709s] INFO:colcon.colcon_core.shell:Creating environment descriptor '/home/ac/ros2_auto_robot/install/my_robot_package/share/my_robot_package/hook/ament_prefix_path.dsv'
[0.710s] INFO:colcon.colcon_core.shell:Creating environment hook '/home/ac/ros2_auto_robot/install/my_robot_package/share/my_robot_package/hook/ament_prefix_path.sh'
[0.713s] INFO:colcon.colcon_core.shell:Skip shell extension 'powershell' for command environment: Not usable outside of PowerShell
[0.713s] DEBUG:colcon.colcon_core.shell:Skip shell extension 'dsv' for command environment
[0.722s] INFO:colcon.colcon_ros.task.ament_python.build:Building ROS package in '/home/ac/ros2_auto_robot/src/test_package' with build type 'ament_python'
[0.722s] Level 1:colcon.colcon_core.shell:create_environment_hook('test_package', 'ament_prefix_path')
[0.725s] INFO:colcon.colcon_core.shell:Creating environment hook '/home/ac/ros2_auto_robot/install/test_package/share/test_package/hook/ament_prefix_path.ps1'
[0.726s] INFO:colcon.colcon_core.shell:Creating environment descriptor '/home/ac/ros2_auto_robot/install/test_package/share/test_package/hook/ament_prefix_path.dsv'
[0.726s] INFO:colcon.colcon_core.shell:Creating environment hook '/home/ac/ros2_auto_robot/install/test_package/share/test_package/hook/ament_prefix_path.sh'
[0.729s] INFO:colcon.colcon_core.shell:Skip shell extension 'powershell' for command environment: Not usable outside of PowerShell
[0.729s] DEBUG:colcon.colcon_core.shell:Skip shell extension 'dsv' for command environment
[1.114s] INFO:colcon.colcon_core.task.python.build:Building Python package in '/home/ac/ros2_auto_robot/src/my_robot_package'
[1.116s] INFO:colcon.colcon_core.shell:Skip shell extension 'powershell' for command environment: Not usable outside of PowerShell
[1.116s] DEBUG:colcon.colcon_core.shell:Skip shell extension 'dsv' for command environment
[1.473s] INFO:colcon.colcon_core.task.python.build:Building Python package in '/home/ac/ros2_auto_robot/src/test_package'
[1.474s] INFO:colcon.colcon_core.shell:Skip shell extension 'powershell' for command environment: Not usable outside of PowerShell
[1.474s] DEBUG:colcon.colcon_core.shell:Skip shell extension 'dsv' for command environment
[1.963s] DEBUG:colcon.colcon_core.event_handler.log_command:Invoking command in '/home/ac/ros2_auto_robot/build/my_robot_package': PYTHONPATH=/home/ac/ros2_auto_robot/build/my_robot_package/prefix_override:/home/ac/ros2_auto_robot/install/my_robot_package/lib/python3.10/site-packages:${PYTHONPATH} /usr/bin/python3 setup.py develop --uninstall --editable --build-directory /home/ac/ros2_auto_robot/build/my_robot_package/build
[1.967s] DEBUG:colcon.colcon_core.event_handler.log_command:Invoking command in '/home/ac/ros2_auto_robot/src/test_package': PYTHONPATH=/home/ac/ros2_auto_robot/build/test_package/prefix_override:/home/ac/ros2_auto_robot/install/test_package/lib/python3.10/site-packages:${PYTHONPATH} /usr/bin/python3 setup.py egg_info --egg-base ../../build/test_package build --build-base /home/ac/ros2_auto_robot/build/test_package/build install --record /home/ac/ros2_auto_robot/build/test_package/install.log --single-version-externally-managed
[2.386s] DEBUG:colcon.colcon_core.event_handler.log_command:Invoked command in '/home/ac/ros2_auto_robot/src/test_package' returned '0': PYTHONPATH=/home/ac/ros2_auto_robot/build/test_package/prefix_override:/home/ac/ros2_auto_robot/install/test_package/lib/python3.10/site-packages:${PYTHONPATH} /usr/bin/python3 setup.py egg_info --egg-base ../../build/test_package build --build-base /home/ac/ros2_auto_robot/build/test_package/build install --record /home/ac/ros2_auto_robot/build/test_package/install.log --single-version-externally-managed
[2.392s] Level 1:colcon.colcon_core.environment:checking '/home/ac/ros2_auto_robot/install/test_package' for CMake module files
[2.393s] Level 1:colcon.colcon_core.environment:checking '/home/ac/ros2_auto_robot/install/test_package' for CMake config files
[2.395s] Level 1:colcon.colcon_core.environment:checking '/home/ac/ros2_auto_robot/install/test_package/lib'
[2.395s] Level 1:colcon.colcon_core.environment:checking '/home/ac/ros2_auto_robot/install/test_package/bin'
[2.395s] Level 1:colcon.colcon_core.environment:checking '/home/ac/ros2_auto_robot/install/test_package/lib/pkgconfig/test_package.pc'
[2.395s] Level 1:colcon.colcon_core.environment:checking '/home/ac/ros2_auto_robot/install/test_package/lib/python3.10/site-packages'
[2.395s] Level 1:colcon.colcon_core.shell:create_environment_hook('test_package', 'pythonpath')
[2.398s] INFO:colcon.colcon_core.shell:Creating environment hook '/home/ac/ros2_auto_robot/install/test_package/share/test_package/hook/pythonpath.ps1'
[2.398s] INFO:colcon.colcon_core.shell:Creating environment descriptor '/home/ac/ros2_auto_robot/install/test_package/share/test_package/hook/pythonpath.dsv'
[2.399s] INFO:colcon.colcon_core.shell:Creating environment hook '/home/ac/ros2_auto_robot/install/test_package/share/test_package/hook/pythonpath.sh'
[2.399s] Level 1:colcon.colcon_core.environment:checking '/home/ac/ros2_auto_robot/install/test_package/bin'
[2.400s] Level 1:colcon.colcon_core.environment:create_environment_scripts_only(test_package)
[2.402s] INFO:colcon.colcon_core.shell:Creating package script '/home/ac/ros2_auto_robot/install/test_package/share/test_package/package.ps1'
[2.403s] INFO:colcon.colcon_core.shell:Creating package descriptor '/home/ac/ros2_auto_robot/install/test_package/share/test_package/package.dsv'
[2.404s] INFO:colcon.colcon_core.shell:Creating package script '/home/ac/ros2_auto_robot/install/test_package/share/test_package/package.sh'
[2.405s] INFO:colcon.colcon_core.shell:Creating package script '/home/ac/ros2_auto_robot/install/test_package/share/test_package/package.bash'
[2.407s] INFO:colcon.colcon_core.shell:Creating package script '/home/ac/ros2_auto_robot/install/test_package/share/test_package/package.zsh'
[2.408s] Level 1:colcon.colcon_core.environment:create_file_with_runtime_dependencies(/home/ac/ros2_auto_robot/install/test_package/share/colcon-core/packages/test_package)
[2.608s] DEBUG:colcon.colcon_core.event_handler.log_command:Invoked command in '/home/ac/ros2_auto_robot/build/my_robot_package' returned '0': PYTHONPATH=/home/ac/ros2_auto_robot/build/my_robot_package/prefix_override:/home/ac/ros2_auto_robot/install/my_robot_package/lib/python3.10/site-packages:${PYTHONPATH} /usr/bin/python3 setup.py develop --uninstall --editable --build-directory /home/ac/ros2_auto_robot/build/my_robot_package/build
[2.610s] DEBUG:colcon.colcon_core.event_handler.log_command:Invoking command in '/home/ac/ros2_auto_robot/src/my_robot_package': PYTHONPATH=/home/ac/ros2_auto_robot/build/my_robot_package/prefix_override:/home/ac/ros2_auto_robot/install/my_robot_package/lib/python3.10/site-packages:${PYTHONPATH} /usr/bin/python3 setup.py egg_info --egg-base ../../build/my_robot_package build --build-base /home/ac/ros2_auto_robot/build/my_robot_package/build install --record /home/ac/ros2_auto_robot/build/my_robot_package/install.log --single-version-externally-managed
[3.020s] Level 1:colcon.colcon_core.environment:checking '/home/ac/ros2_auto_robot/install/my_robot_package' for CMake module files
[3.021s] DEBUG:colcon.colcon_core.event_handler.log_command:Invoked command in '/home/ac/ros2_auto_robot/src/my_robot_package' returned '0': PYTHONPATH=/home/ac/ros2_auto_robot/build/my_robot_package/prefix_override:/home/ac/ros2_auto_robot/install/my_robot_package/lib/python3.10/site-packages:${PYTHONPATH} /usr/bin/python3 setup.py egg_info --egg-base ../../build/my_robot_package build --build-base /home/ac/ros2_auto_robot/build/my_robot_package/build install --record /home/ac/ros2_auto_robot/build/my_robot_package/install.log --single-version-externally-managed
[3.021s] Level 1:colcon.colcon_core.environment:checking '/home/ac/ros2_auto_robot/install/my_robot_package' for CMake config files
[3.021s] Level 1:colcon.colcon_core.environment:checking '/home/ac/ros2_auto_robot/install/my_robot_package/lib'
[3.022s] Level 1:colcon.colcon_core.environment:checking '/home/ac/ros2_auto_robot/install/my_robot_package/bin'
[3.022s] Level 1:colcon.colcon_core.environment:checking '/home/ac/ros2_auto_robot/install/my_robot_package/lib/pkgconfig/my_robot_package.pc'
[3.022s] Level 1:colcon.colcon_core.environment:checking '/home/ac/ros2_auto_robot/install/my_robot_package/lib/python3.10/site-packages'
[3.022s] Level 1:colcon.colcon_core.shell:create_environment_hook('my_robot_package', 'pythonpath')
[3.024s] INFO:colcon.colcon_core.shell:Creating environment hook '/home/ac/ros2_auto_robot/install/my_robot_package/share/my_robot_package/hook/pythonpath.ps1'
[3.024s] INFO:colcon.colcon_core.shell:Creating environment descriptor '/home/ac/ros2_auto_robot/install/my_robot_package/share/my_robot_package/hook/pythonpath.dsv'
[3.025s] INFO:colcon.colcon_core.shell:Creating environment hook '/home/ac/ros2_auto_robot/install/my_robot_package/share/my_robot_package/hook/pythonpath.sh'
[3.025s] Level 1:colcon.colcon_core.environment:checking '/home/ac/ros2_auto_robot/install/my_robot_package/bin'
[3.026s] Level 1:colcon.colcon_core.environment:create_environment_scripts_only(my_robot_package)
[3.028s] INFO:colcon.colcon_core.shell:Creating package script '/home/ac/ros2_auto_robot/install/my_robot_package/share/my_robot_package/package.ps1'
[3.028s] INFO:colcon.colcon_core.shell:Creating package descriptor '/home/ac/ros2_auto_robot/install/my_robot_package/share/my_robot_package/package.dsv'
[3.029s] INFO:colcon.colcon_core.shell:Creating package script '/home/ac/ros2_auto_robot/install/my_robot_package/share/my_robot_package/package.sh'
[3.029s] INFO:colcon.colcon_core.shell:Creating package script '/home/ac/ros2_auto_robot/install/my_robot_package/share/my_robot_package/package.bash'
[3.030s] INFO:colcon.colcon_core.shell:Creating package script '/home/ac/ros2_auto_robot/install/my_robot_package/share/my_robot_package/package.zsh'
[3.030s] Level 1:colcon.colcon_core.environment:create_file_with_runtime_dependencies(/home/ac/ros2_auto_robot/install/my_robot_package/share/colcon-core/packages/my_robot_package)
[3.030s] DEBUG:colcon.colcon_parallel_executor.executor.parallel:closing loop
[3.030s] DEBUG:colcon.colcon_parallel_executor.executor.parallel:loop closed
[3.031s] DEBUG:colcon.colcon_parallel_executor.executor.parallel:run_until_complete finished with '0'
[3.031s] DEBUG:colcon.colcon_core.event_reactor:joining thread
[3.037s] INFO:colcon.colcon_core.plugin_system:Skipping extension 'colcon_notification.desktop_notification.terminal_notifier': Not used on non-Darwin systems
[3.037s] INFO:colcon.colcon_core.plugin_system:Skipping extension 'colcon_notification.desktop_notification.win32': Not used on non-Windows systems
[3.037s] INFO:colcon.colcon_notification.desktop_notification:Sending desktop notification using 'notify2'
[3.051s] DEBUG:colcon.colcon_core.event_reactor:joined thread
[3.058s] INFO:colcon.colcon_core.shell:Creating prefix script '/home/ac/ros2_auto_robot/install/local_setup.ps1'
[3.060s] INFO:colcon.colcon_core.shell:Creating prefix util module '/home/ac/ros2_auto_robot/install/_local_setup_util_ps1.py'
[3.062s] INFO:colcon.colcon_core.shell:Creating prefix chain script '/home/ac/ros2_auto_robot/install/setup.ps1'
[3.064s] INFO:colcon.colcon_core.shell:Creating prefix script '/home/ac/ros2_auto_robot/install/local_setup.sh'
[3.065s] INFO:colcon.colcon_core.shell:Creating prefix util module '/home/ac/ros2_auto_robot/install/_local_setup_util_sh.py'
[3.065s] INFO:colcon.colcon_core.shell:Creating prefix chain script '/home/ac/ros2_auto_robot/install/setup.sh'
[3.068s] INFO:colcon.colcon_core.shell:Creating prefix script '/home/ac/ros2_auto_robot/install/local_setup.bash'
[3.068s] INFO:colcon.colcon_core.shell:Creating prefix chain script '/home/ac/ros2_auto_robot/install/setup.bash'
[3.071s] INFO:colcon.colcon_core.shell:Creating prefix script '/home/ac/ros2_auto_robot/install/local_setup.zsh'
[3.071s] INFO:colcon.colcon_core.shell:Creating prefix chain script '/home/ac/ros2_auto_robot/install/setup.zsh'
