[2.696s] Invoking command in '/home/ac/ros2_auto_robot/build/my_robot_package': PYTHONPATH=/home/ac/ros2_auto_robot/build/my_robot_package/prefix_override:/home/ac/ros2_auto_robot/install/my_robot_package/lib/python3.10/site-packages:${PYTHONPATH} /usr/bin/python3 setup.py develop --uninstall --editable --build-directory /home/ac/ros2_auto_robot/build/my_robot_package/build
[3.530s] running develop
[3.533s] /usr/lib/python3/dist-packages/setuptools/command/easy_install.py:158: EasyInstallDeprecationWarning: easy_install command is deprecated. Use build and pip and other standards-based tools.
[3.533s]   warnings.warn(
[3.536s] /usr/lib/python3/dist-packages/setuptools/command/install.py:34: SetuptoolsDeprecationWarning: setup.py install is deprecated. Use build and pip and other standards-based tools.
[3.537s]   warnings.warn(
[3.685s] /usr/lib/python3/dist-packages/pkg_resources/__init__.py:116: PkgResourcesDeprecationWarning: 0.1.43ubuntu1 is an invalid version and will not be supported in a future release
[3.685s]   warnings.warn(
[3.686s] /usr/lib/python3/dist-packages/pkg_resources/__init__.py:116: PkgResourcesDeprecationWarning: 1.1build1 is an invalid version and will not be supported in a future release
[3.686s]   warnings.warn(
[4.031s] Invoked command in '/home/ac/ros2_auto_robot/build/my_robot_package' returned '0': PYTHONPATH=/home/ac/ros2_auto_robot/build/my_robot_package/prefix_override:/home/ac/ros2_auto_robot/install/my_robot_package/lib/python3.10/site-packages:${PYTHONPATH} /usr/bin/python3 setup.py develop --uninstall --editable --build-directory /home/ac/ros2_auto_robot/build/my_robot_package/build
[4.032s] Invoking command in '/home/ac/ros2_auto_robot/src/my_robot_package': PYTHONPATH=/home/ac/ros2_auto_robot/build/my_robot_package/prefix_override:/home/ac/ros2_auto_robot/install/my_robot_package/lib/python3.10/site-packages:${PYTHONPATH} /usr/bin/python3 setup.py egg_info --egg-base ../../build/my_robot_package build --build-base /home/ac/ros2_auto_robot/build/my_robot_package/build install --record /home/ac/ros2_auto_robot/build/my_robot_package/install.log --single-version-externally-managed
[4.677s] running egg_info
[4.678s] writing ../../build/my_robot_package/my_robot_package.egg-info/PKG-INFO
[4.679s] writing dependency_links to ../../build/my_robot_package/my_robot_package.egg-info/dependency_links.txt
[4.679s] writing entry points to ../../build/my_robot_package/my_robot_package.egg-info/entry_points.txt
[4.679s] writing requirements to ../../build/my_robot_package/my_robot_package.egg-info/requires.txt
[4.679s] writing top-level names to ../../build/my_robot_package/my_robot_package.egg-info/top_level.txt
[4.683s] reading manifest file '../../build/my_robot_package/my_robot_package.egg-info/SOURCES.txt'
[4.687s] writing manifest file '../../build/my_robot_package/my_robot_package.egg-info/SOURCES.txt'
[4.687s] running build
[4.688s] running build_py
[4.688s] copying my_robot_package/ackermann_controller_node.py -> /home/ac/ros2_auto_robot/build/my_robot_package/build/lib/my_robot_package
[4.689s] /usr/lib/python3/dist-packages/setuptools/command/install.py:34: SetuptoolsDeprecationWarning: setup.py install is deprecated. Use build and pip and other standards-based tools.
[4.689s]   warnings.warn(
[4.689s] running install
[4.690s] running install_lib
[4.690s] copying /home/ac/ros2_auto_robot/build/my_robot_package/build/lib/my_robot_package/ackermann_controller_node.py -> /home/ac/ros2_auto_robot/install/my_robot_package/lib/python3.10/site-packages/my_robot_package
[4.691s] byte-compiling /home/ac/ros2_auto_robot/install/my_robot_package/lib/python3.10/site-packages/my_robot_package/ackermann_controller_node.py to ackermann_controller_node.cpython-310.pyc
[4.693s] running install_data
[4.694s] copying urdf/ackermann_robot.urdf -> /home/ac/ros2_auto_robot/install/my_robot_package/share/my_robot_package
[4.695s] running install_egg_info
[4.698s] removing '/home/ac/ros2_auto_robot/install/my_robot_package/lib/python3.10/site-packages/my_robot_package-0.0.0-py3.10.egg-info' (and everything under it)
[4.699s] Copying ../../build/my_robot_package/my_robot_package.egg-info to /home/ac/ros2_auto_robot/install/my_robot_package/lib/python3.10/site-packages/my_robot_package-0.0.0-py3.10.egg-info
[4.701s] running install_scripts
[4.754s] Installing ackermann_controller_node script to /home/ac/ros2_auto_robot/install/my_robot_package/lib/my_robot_package
[4.755s] Installing circle_motion script to /home/ac/ros2_auto_robot/install/my_robot_package/lib/my_robot_package
[4.755s] Installing hello_world_exe script to /home/ac/ros2_auto_robot/install/my_robot_package/lib/my_robot_package
[4.755s] Installing obstacle_avoidance_node script to /home/ac/ros2_auto_robot/install/my_robot_package/lib/my_robot_package
[4.756s] writing list of installed files to '/home/ac/ros2_auto_robot/build/my_robot_package/install.log'
[4.794s] Invoked command in '/home/ac/ros2_auto_robot/src/my_robot_package' returned '0': PYTHONPATH=/home/ac/ros2_auto_robot/build/my_robot_package/prefix_override:/home/ac/ros2_auto_robot/install/my_robot_package/lib/python3.10/site-packages:${PYTHONPATH} /usr/bin/python3 setup.py egg_info --egg-base ../../build/my_robot_package build --build-base /home/ac/ros2_auto_robot/build/my_robot_package/build install --record /home/ac/ros2_auto_robot/build/my_robot_package/install.log --single-version-externally-managed
