[1.913s] Invoking command in '/home/ac/ros2_auto_robot/build/my_robot_package': PYTHONPATH=/home/ac/ros2_auto_robot/build/my_robot_package/prefix_override:/home/ac/ros2_auto_robot/install/my_robot_package/lib/python3.10/site-packages:${PYTHONPATH} /usr/bin/python3 setup.py develop --uninstall --editable --build-directory /home/ac/ros2_auto_robot/build/my_robot_package/build
[2.690s] running develop
[2.691s] /usr/lib/python3/dist-packages/setuptools/command/easy_install.py:158: EasyInstallDeprecationWarning: easy_install command is deprecated. Use build and pip and other standards-based tools.
[2.692s]   warnings.warn(
[2.695s] /usr/lib/python3/dist-packages/setuptools/command/install.py:34: SetuptoolsDeprecationWarning: setup.py install is deprecated. Use build and pip and other standards-based tools.
[2.695s]   warnings.warn(
[2.878s] /usr/lib/python3/dist-packages/pkg_resources/__init__.py:116: PkgResourcesDeprecationWarning: 0.1.43ubuntu1 is an invalid version and will not be supported in a future release
[2.878s]   warnings.warn(
[2.879s] /usr/lib/python3/dist-packages/pkg_resources/__init__.py:116: PkgResourcesDeprecationWarning: 1.1build1 is an invalid version and will not be supported in a future release
[2.879s]   warnings.warn(
[3.262s] Invoked command in '/home/ac/ros2_auto_robot/build/my_robot_package' returned '0': PYTHONPATH=/home/ac/ros2_auto_robot/build/my_robot_package/prefix_override:/home/ac/ros2_auto_robot/install/my_robot_package/lib/python3.10/site-packages:${PYTHONPATH} /usr/bin/python3 setup.py develop --uninstall --editable --build-directory /home/ac/ros2_auto_robot/build/my_robot_package/build
[3.270s] Invoking command in '/home/ac/ros2_auto_robot/src/my_robot_package': PYTHONPATH=/home/ac/ros2_auto_robot/build/my_robot_package/prefix_override:/home/ac/ros2_auto_robot/install/my_robot_package/lib/python3.10/site-packages:${PYTHONPATH} /usr/bin/python3 setup.py egg_info --egg-base ../../build/my_robot_package build --build-base /home/ac/ros2_auto_robot/build/my_robot_package/build install --record /home/ac/ros2_auto_robot/build/my_robot_package/install.log --single-version-externally-managed
[3.987s] running egg_info
[3.989s] writing ../../build/my_robot_package/my_robot_package.egg-info/PKG-INFO
[3.989s] writing dependency_links to ../../build/my_robot_package/my_robot_package.egg-info/dependency_links.txt
[3.990s] writing entry points to ../../build/my_robot_package/my_robot_package.egg-info/entry_points.txt
[3.990s] writing requirements to ../../build/my_robot_package/my_robot_package.egg-info/requires.txt
[3.990s] writing top-level names to ../../build/my_robot_package/my_robot_package.egg-info/top_level.txt
[3.995s] reading manifest file '../../build/my_robot_package/my_robot_package.egg-info/SOURCES.txt'
[3.998s] writing manifest file '../../build/my_robot_package/my_robot_package.egg-info/SOURCES.txt'
[3.999s] running build
[3.999s] running build_py
[4.000s] running install
[4.001s] /usr/lib/python3/dist-packages/setuptools/command/install.py:34: SetuptoolsDeprecationWarning: setup.py install is deprecated. Use build and pip and other standards-based tools.
[4.001s]   warnings.warn(
[4.002s] running install_lib
[4.006s] running install_data
[4.007s] copying urdf/dolly.urdf -> /home/ac/ros2_auto_robot/install/my_robot_package/share/my_robot_package
[4.007s] running install_egg_info
[4.010s] removing '/home/ac/ros2_auto_robot/install/my_robot_package/lib/python3.10/site-packages/my_robot_package-0.0.0-py3.10.egg-info' (and everything under it)
[4.019s] Copying ../../build/my_robot_package/my_robot_package.egg-info to /home/ac/ros2_auto_robot/install/my_robot_package/lib/python3.10/site-packages/my_robot_package-0.0.0-py3.10.egg-info
[4.019s] running install_scripts
[4.075s] Installing circle_motion script to /home/ac/ros2_auto_robot/install/my_robot_package/lib/my_robot_package
[4.075s] Installing hello_world_exe script to /home/ac/ros2_auto_robot/install/my_robot_package/lib/my_robot_package
[4.075s] Installing obstacle_avoidance_node script to /home/ac/ros2_auto_robot/install/my_robot_package/lib/my_robot_package
[4.076s] writing list of installed files to '/home/ac/ros2_auto_robot/build/my_robot_package/install.log'
[4.128s] Invoked command in '/home/ac/ros2_auto_robot/src/my_robot_package' returned '0': PYTHONPATH=/home/ac/ros2_auto_robot/build/my_robot_package/prefix_override:/home/ac/ros2_auto_robot/install/my_robot_package/lib/python3.10/site-packages:${PYTHONPATH} /usr/bin/python3 setup.py egg_info --egg-base ../../build/my_robot_package build --build-base /home/ac/ros2_auto_robot/build/my_robot_package/build install --record /home/ac/ros2_auto_robot/build/my_robot_package/install.log --single-version-externally-managed
