[0.858s] Invoking command in '/home/ac/ros2_auto_robot/build/my_robot_package': PYTHONPATH=/home/ac/ros2_auto_robot/build/my_robot_package/prefix_override:/home/ac/ros2_auto_robot/install/my_robot_package/lib/python3.10/site-packages:${PYTHONPATH} /usr/bin/python3 setup.py develop --uninstall --editable --build-directory /home/ac/ros2_auto_robot/build/my_robot_package/build
[1.213s] running develop
[1.214s] /usr/lib/python3/dist-packages/setuptools/command/easy_install.py:158: EasyInstallDeprecationWarning: easy_install command is deprecated. Use build and pip and other standards-based tools.
[1.214s]   warnings.warn(
[1.215s] /usr/lib/python3/dist-packages/setuptools/command/install.py:34: SetuptoolsDeprecationWarning: setup.py install is deprecated. Use build and pip and other standards-based tools.
[1.215s]   warnings.warn(
[1.299s] /usr/lib/python3/dist-packages/pkg_resources/__init__.py:116: PkgResourcesDeprecationWarning: 0.1.43ubuntu1 is an invalid version and will not be supported in a future release
[1.299s]   warnings.warn(
[1.299s] /usr/lib/python3/dist-packages/pkg_resources/__init__.py:116: PkgResourcesDeprecationWarning: 1.1build1 is an invalid version and will not be supported in a future release
[1.299s]   warnings.warn(
[1.471s] Invoked command in '/home/ac/ros2_auto_robot/build/my_robot_package' returned '0': PYTHONPATH=/home/ac/ros2_auto_robot/build/my_robot_package/prefix_override:/home/ac/ros2_auto_robot/install/my_robot_package/lib/python3.10/site-packages:${PYTHONPATH} /usr/bin/python3 setup.py develop --uninstall --editable --build-directory /home/ac/ros2_auto_robot/build/my_robot_package/build
[1.473s] Invoking command in '/home/ac/ros2_auto_robot/src/my_robot_package': PYTHONPATH=/home/ac/ros2_auto_robot/build/my_robot_package/prefix_override:/home/ac/ros2_auto_robot/install/my_robot_package/lib/python3.10/site-packages:${PYTHONPATH} /usr/bin/python3 setup.py egg_info --egg-base ../../build/my_robot_package build --build-base /home/ac/ros2_auto_robot/build/my_robot_package/build install --record /home/ac/ros2_auto_robot/build/my_robot_package/install.log --single-version-externally-managed
[1.800s] running egg_info
[1.801s] writing ../../build/my_robot_package/my_robot_package.egg-info/PKG-INFO
[1.801s] writing dependency_links to ../../build/my_robot_package/my_robot_package.egg-info/dependency_links.txt
[1.802s] writing entry points to ../../build/my_robot_package/my_robot_package.egg-info/entry_points.txt
[1.802s] writing requirements to ../../build/my_robot_package/my_robot_package.egg-info/requires.txt
[1.802s] writing top-level names to ../../build/my_robot_package/my_robot_package.egg-info/top_level.txt
[1.805s] reading manifest file '../../build/my_robot_package/my_robot_package.egg-info/SOURCES.txt'
[1.806s] writing manifest file '../../build/my_robot_package/my_robot_package.egg-info/SOURCES.txt'
[1.806s] running build
[1.806s] running build_py
[1.807s] running install
[1.807s] /usr/lib/python3/dist-packages/setuptools/command/install.py:34: SetuptoolsDeprecationWarning: setup.py install is deprecated. Use build and pip and other standards-based tools.
[1.808s]   warnings.warn(
[1.808s] running install_lib
[1.809s] running install_data
[1.810s] copying urdf/dolly_ackermann.urdf -> /home/ac/ros2_auto_robot/install/my_robot_package/share/my_robot_package
[1.810s] running install_egg_info
[1.812s] removing '/home/ac/ros2_auto_robot/install/my_robot_package/lib/python3.10/site-packages/my_robot_package-0.0.0-py3.10.egg-info' (and everything under it)
[1.813s] Copying ../../build/my_robot_package/my_robot_package.egg-info to /home/ac/ros2_auto_robot/install/my_robot_package/lib/python3.10/site-packages/my_robot_package-0.0.0-py3.10.egg-info
[1.814s] running install_scripts
[1.840s] Installing circle_motion script to /home/ac/ros2_auto_robot/install/my_robot_package/lib/my_robot_package
[1.840s] Installing hello_world_exe script to /home/ac/ros2_auto_robot/install/my_robot_package/lib/my_robot_package
[1.840s] Installing obstacle_avoidance_node script to /home/ac/ros2_auto_robot/install/my_robot_package/lib/my_robot_package
[1.841s] writing list of installed files to '/home/ac/ros2_auto_robot/build/my_robot_package/install.log'
[1.865s] Invoked command in '/home/ac/ros2_auto_robot/src/my_robot_package' returned '0': PYTHONPATH=/home/ac/ros2_auto_robot/build/my_robot_package/prefix_override:/home/ac/ros2_auto_robot/install/my_robot_package/lib/python3.10/site-packages:${PYTHONPATH} /usr/bin/python3 setup.py egg_info --egg-base ../../build/my_robot_package build --build-base /home/ac/ros2_auto_robot/build/my_robot_package/build install --record /home/ac/ros2_auto_robot/build/my_robot_package/install.log --single-version-externally-managed
